Arguments: 
  /usr/local/bin/node /usr/local/bin/yarn install

PATH: 
  /usr/bin:/bin:/usr/sbin:/sbin:/usr/local/bin:/usr/local/go/bin:/home/apache-maven-3.6.2/bin:/usr/local/Cellar/tomcat/9.0.8/libexec/bin

Yarn version: 
  1.16.0

Node version: 
  10.16.3

Platform: 
  darwin x64

Trace: 
  SyntaxError: /Users/zhuhongwen/WeChatProjects/yuque/package.json: Unexpected token } in JSON at position 447
      at JSON.parse (<anonymous>)
      at /usr/local/lib/node_modules/yarn/lib/cli.js:1625:59
      at Generator.next (<anonymous>)
      at step (/usr/local/lib/node_modules/yarn/lib/cli.js:304:30)
      at /usr/local/lib/node_modules/yarn/lib/cli.js:315:13

npm manifest: 
  {
    "name": "miniprogram-1",
    "version": "1.0.0",
    "description": "",
    "main": "app.js",
    "scripts": {
      "test": "echo \"Error: no test specified\" && exit 1",
      "precommit": "lint-staged",
      "clean": "rm -rf dist/*",
      "lint": "eslint -c .eslintrc ./pages"
    },
    "lint-staged": {
      "src/**/*.js": [
        "eslint --fix",
        "git add"
      ]
    },
    "author": "",
    "license": "ISC",
    "dependencies": {
      "lin-ui": "^0.6.13",
    }
  }

yarn manifest: 
  No manifest

Lockfile: 
  # THIS IS AN AUTOGENERATED FILE. DO NOT EDIT THIS FILE DIRECTLY.
  # yarn lockfile v1
  
  
  "@babel/code-frame@7.0.0-beta.44":
    version "7.0.0-beta.44"
    resolved "https://registry.npm.taobao.org/@babel/code-frame/download/@babel/code-frame-7.0.0-beta.44.tgz#2a02643368de80916162be70865c97774f3adbd9"
    integrity sha1-KgJkM2jegJFhYr5whlyXd08629k=
    dependencies:
      "@babel/highlight" "7.0.0-beta.44"
  
  "@babel/generator@7.0.0-beta.44":
    version "7.0.0-beta.44"
    resolved "https://registry.npm.taobao.org/@babel/generator/download/@babel/generator-7.0.0-beta.44.tgz#c7e67b9b5284afcf69b309b50d7d37f3e5033d42"
    integrity sha1-x+Z7m1KEr89pswm1DX038+UDPUI=
    dependencies:
      "@babel/types" "7.0.0-beta.44"
      jsesc "^2.5.1"
      lodash "^4.2.0"
      source-map "^0.5.0"
      trim-right "^1.0.1"
  
  "@babel/helper-function-name@7.0.0-beta.44":
    version "7.0.0-beta.44"
    resolved "https://registry.npm.taobao.org/@babel/helper-function-name/download/@babel/helper-function-name-7.0.0-beta.44.tgz#e18552aaae2231100a6e485e03854bc3532d44dd"
    integrity sha1-4YVSqq4iMRAKbkheA4VLw1MtRN0=
    dependencies:
      "@babel/helper-get-function-arity" "7.0.0-beta.44"
      "@babel/template" "7.0.0-beta.44"
      "@babel/types" "7.0.0-beta.44"
  
  "@babel/helper-get-function-arity@7.0.0-beta.44":
    version "7.0.0-beta.44"
    resolved "https://registry.npm.taobao.org/@babel/helper-get-function-arity/download/@babel/helper-get-function-arity-7.0.0-beta.44.tgz#d03ca6dd2b9f7b0b1e6b32c56c72836140db3a15"
    integrity sha1-0Dym3SufewseazLFbHKDYUDbOhU=
    dependencies:
      "@babel/types" "7.0.0-beta.44"
  
  "@babel/helper-split-export-declaration@7.0.0-beta.44":
    version "7.0.0-beta.44"
    resolved "https://registry.npm.taobao.org/@babel/helper-split-export-declaration/download/@babel/helper-split-export-declaration-7.0.0-beta.44.tgz#c0b351735e0fbcb3822c8ad8db4e583b05ebd9dc"
    integrity sha1-wLNRc14PvLOCLIrY205YOwXr2dw=
    dependencies:
      "@babel/types" "7.0.0-beta.44"
  
  "@babel/highlight@7.0.0-beta.44":
    version "7.0.0-beta.44"
    resolved "https://registry.npm.taobao.org/@babel/highlight/download/@babel/highlight-7.0.0-beta.44.tgz#18c94ce543916a80553edcdcf681890b200747d5"
    integrity sha1-GMlM5UORaoBVPtzc9oGJCyAHR9U=
    dependencies:
      chalk "^2.0.0"
      esutils "^2.0.2"
      js-tokens "^3.0.0"
  
  "@babel/template@7.0.0-beta.44":
    version "7.0.0-beta.44"
    resolved "https://registry.npm.taobao.org/@babel/template/download/@babel/template-7.0.0-beta.44.tgz#f8832f4fdcee5d59bf515e595fc5106c529b394f"
    integrity sha1-+IMvT9zuXVm/UV5ZX8UQbFKbOU8=
    dependencies:
      "@babel/code-frame" "7.0.0-beta.44"
      "@babel/types" "7.0.0-beta.44"
      babylon "7.0.0-beta.44"
      lodash "^4.2.0"
  
  "@babel/traverse@7.0.0-beta.44":
    version "7.0.0-beta.44"
    resolved "https://registry.npm.taobao.org/@babel/traverse/download/@babel/traverse-7.0.0-beta.44.tgz#a970a2c45477ad18017e2e465a0606feee0d2966"
    integrity sha1-qXCixFR3rRgBfi5GWgYG/u4NKWY=
    dependencies:
      "@babel/code-frame" "7.0.0-beta.44"
      "@babel/generator" "7.0.0-beta.44"
      "@babel/helper-function-name" "7.0.0-beta.44"
      "@babel/helper-split-export-declaration" "7.0.0-beta.44"
      "@babel/types" "7.0.0-beta.44"
      babylon "7.0.0-beta.44"
      debug "^3.1.0"
      globals "^11.1.0"
      invariant "^2.2.0"
      lodash "^4.2.0"
  
  "@babel/types@7.0.0-beta.44":
    version "7.0.0-beta.44"
    resolved "https://registry.npm.taobao.org/@babel/types/download/@babel/types-7.0.0-beta.44.tgz#6b1b164591f77dec0a0342aca995f2d046b3a757"
    integrity sha1-axsWRZH3fewKA0KsqZXy0Eazp1c=
    dependencies:
      esutils "^2.0.2"
      lodash "^4.2.0"
      to-fast-properties "^2.0.0"
  
  acorn-jsx@^3.0.0:
    version "3.0.1"
    resolved "https://registry.npm.taobao.org/acorn-jsx/download/acorn-jsx-3.0.1.tgz#afdf9488fb1ecefc8348f6fb22f464e32a58b36b"
    integrity sha1-r9+UiPsezvyDSPb7IvRk4ypYs2s=
    dependencies:
      acorn "^3.0.4"
  
  acorn@^3.0.4:
    version "3.3.0"
    resolved "https://registry.npm.taobao.org/acorn/download/acorn-3.3.0.tgz#45e37fb39e8da3f25baee3ff5369e2bb5f22017a"
    integrity sha1-ReN/s56No/JbruP/U2niu18iAXo=
  
  acorn@^5.5.0:
    version "5.7.3"
    resolved "https://registry.npm.taobao.org/acorn/download/acorn-5.7.3.tgz#67aa231bf8812974b85235a96771eb6bd07ea279"
    integrity sha1-Z6ojG/iBKXS4UjWpZ3Hra9B+onk=
  
  ajv-keywords@^1.0.0:
    version "1.5.1"
    resolved "https://registry.npm.taobao.org/ajv-keywords/download/ajv-keywords-1.5.1.tgz#314dd0a4b3368fad3dfcdc54ede6171b886daf3c"
    integrity sha1-MU3QpLM2j609/NxU7eYXG4htrzw=
  
  ajv@^4.7.0:
    version "4.11.8"
    resolved "https://registry.npm.taobao.org/ajv/download/ajv-4.11.8.tgz#82ffb02b29e662ae53bdc20af15947706739c536"
    integrity sha1-gv+wKynmYq5TvcIK8VlHcGc5xTY=
    dependencies:
      co "^4.6.0"
      json-stable-stringify "^1.0.1"
  
  ansi-escapes@^1.0.0, ansi-escapes@^1.1.0:
    version "1.4.0"
    resolved "https://registry.npm.taobao.org/ansi-escapes/download/ansi-escapes-1.4.0.tgz?cache=0&sync_timestamp=1573923784843&other_urls=https%3A%2F%2Fregistry.npm.taobao.org%2Fansi-escapes%2Fdownload%2Fansi-escapes-1.4.0.tgz#d3a8a83b319aa67793662b13e761c7911422306e"
    integrity sha1-06ioOzGapneTZisT52HHkRQiMG4=
  
  ansi-regex@^2.0.0:
    version "2.1.1"
    resolved "https://registry.npm.taobao.org/ansi-regex/download/ansi-regex-2.1.1.tgz?cache=0&sync_timestamp=1570188742860&other_urls=https%3A%2F%2Fregistry.npm.taobao.org%2Fansi-regex%2Fdownload%2Fansi-regex-2.1.1.tgz#c3b33ab5ee360d86e0e628f0468ae7ef27d654df"
    integrity sha1-w7M6te42DYbg5ijwRorn7yfWVN8=
  
  ansi-regex@^3.0.0:
    version "3.0.0"
    resolved "https://registry.npm.taobao.org/ansi-regex/download/ansi-regex-3.0.0.tgz?cache=0&sync_timestamp=1570188742860&other_urls=https%3A%2F%2Fregistry.npm.taobao.org%2Fansi-regex%2Fdownload%2Fansi-regex-3.0.0.tgz#ed0317c322064f79466c02966bddb605ab37d998"
    integrity sha1-7QMXwyIGT3lGbAKWa922Bas32Zg=
  
  ansi-styles@^2.2.1:
    version "2.2.1"
    resolved "https://registry.npm.taobao.org/ansi-styles/download/ansi-styles-2.2.1.tgz#b432dd3358b634cf75e1e4664368240533c1ddbe"
    integrity sha1-tDLdM1i2NM914eRmQ2gkBTPB3b4=
  
  ansi-styles@^3.2.0, ansi-styles@^3.2.1:
    version "3.2.1"
    resolved "https://registry.npm.taobao.org/ansi-styles/download/ansi-styles-3.2.1.tgz#41fbb20243e50b12be0f04b8dedbf07520ce841d"
    integrity sha1-QfuyAkPlCxK+DwS43tvwdSDOhB0=
    dependencies:
      color-convert "^1.9.0"
  
  any-observable@^0.2.0:
    version "0.2.0"
    resolved "https://registry.npm.taobao.org/any-observable/download/any-observable-0.2.0.tgz?cache=0&sync_timestamp=1569218039468&other_urls=https%3A%2F%2Fregistry.npm.taobao.org%2Fany-observable%2Fdownload%2Fany-observable-0.2.0.tgz#c67870058003579009083f54ac0abafb5c33d242"
    integrity sha1-xnhwBYADV5AJCD9UrAq6+1wz0kI=
  
  app-root-path@^2.0.0:
    version "2.2.1"
    resolved "https://registry.npm.taobao.org/app-root-path/download/app-root-path-2.2.1.tgz#d0df4a682ee408273583d43f6f79e9892624bc9a"
    integrity sha1-0N9KaC7kCCc1g9Q/b3npiSYkvJo=
  
  argparse@^1.0.7:
    version "1.0.10"
    resolved "https://registry.npm.taobao.org/argparse/download/argparse-1.0.10.tgz#bcd6791ea5ae09725e17e5ad988134cd40b3d911"
    integrity sha1-vNZ5HqWuCXJeF+WtmIE0zUCz2RE=
    dependencies:
      sprintf-js "~1.0.2"
  
  array-includes@^3.0.3:
    version "3.1.1"
    resolved "https://registry.npm.taobao.org/array-includes/download/array-includes-3.1.1.tgz?cache=0&sync_timestamp=1576947659303&other_urls=https%3A%2F%2Fregistry.npm.taobao.org%2Farray-includes%2Fdownload%2Farray-includes-3.1.1.tgz#cdd67e6852bdf9c1215460786732255ed2459348"
    integrity sha1-zdZ+aFK9+cEhVGB4ZzIlXtJFk0g=
    dependencies:
      define-properties "^1.1.3"
      es-abstract "^1.17.0"
      is-string "^1.0.5"
  
  array.prototype.flat@^1.2.1:
    version "1.2.3"
    resolved "https://registry.npm.taobao.org/array.prototype.flat/download/array.prototype.flat-1.2.3.tgz#0de82b426b0318dbfdb940089e38b043d37f6c7b"
    integrity sha1-DegrQmsDGNv9uUAInjiwQ9N/bHs=
    dependencies:
      define-properties "^1.1.3"
      es-abstract "^1.17.0-next.1"
  
  babel-code-frame@^6.16.0:
    version "6.26.0"
    resolved "https://registry.npm.taobao.org/babel-code-frame/download/babel-code-frame-6.26.0.tgz#63fd43f7dc1e3bb7ce35947db8fe369a3f58c74b"
    integrity sha1-Y/1D99weO7fONZR9uP42mj9Yx0s=
    dependencies:
      chalk "^1.1.3"
      esutils "^2.0.2"
      js-tokens "^3.0.2"
  
  babel-eslint@^8.2.1:
    version "8.2.6"
    resolved "https://registry.npm.taobao.org/babel-eslint/download/babel-eslint-8.2.6.tgz#6270d0c73205628067c0f7ae1693a9e797acefd9"
    integrity sha1-YnDQxzIFYoBnwPeuFpOp55es79k=
    dependencies:
      "@babel/code-frame" "7.0.0-beta.44"
      "@babel/traverse" "7.0.0-beta.44"
      "@babel/types" "7.0.0-beta.44"
      babylon "7.0.0-beta.44"
      eslint-scope "3.7.1"
      eslint-visitor-keys "^1.0.0"
  
  babylon@7.0.0-beta.44:
    version "7.0.0-beta.44"
    resolved "https://registry.npm.taobao.org/babylon/download/babylon-7.0.0-beta.44.tgz#89159e15e6e30c5096e22d738d8c0af8a0e8ca1d"
    integrity sha1-iRWeFebjDFCW4i1zjYwK+KDoyh0=
  
  balanced-match@^1.0.0:
    version "1.0.0"
    resolved "https://registry.npm.taobao.org/balanced-match/download/balanced-match-1.0.0.tgz#89b4d199ab2bee49de164ea02b89ce462d71b767"
    integrity sha1-ibTRmasr7kneFk6gK4nORi1xt2c=
  
  brace-expansion@^1.1.7:
    version "1.1.11"
    resolved "https://registry.npm.taobao.org/brace-expansion/download/brace-expansion-1.1.11.tgz#3c7fcbf529d87226f3d2f52b966ff5271eb441dd"
    integrity sha1-PH/L9SnYcibz0vUrlm/1Jx60Qd0=
    dependencies:
      balanced-match "^1.0.0"
      concat-map "0.0.1"
  
  buffer-from@^1.0.0:
    version "1.1.1"
    resolved "https://registry.npm.taobao.org/buffer-from/download/buffer-from-1.1.1.tgz#32713bc028f75c02fdb710d7c7bcec1f2c6070ef"
    integrity sha1-MnE7wCj3XAL9txDXx7zsHyxgcO8=
  
  caller-path@^0.1.0:
    version "0.1.0"
    resolved "https://registry.npm.taobao.org/caller-path/download/caller-path-0.1.0.tgz#94085ef63581ecd3daa92444a8fe94e82577751f"
    integrity sha1-lAhe9jWB7NPaqSREqP6U6CV3dR8=
    dependencies:
      callsites "^0.2.0"
  
  callsites@^0.2.0:
    version "0.2.0"
    resolved "https://registry.npm.taobao.org/callsites/download/callsites-0.2.0.tgz#afab96262910a7f33c19a5775825c69f34e350ca"
    integrity sha1-r6uWJikQp/M8GaV3WCXGnzTjUMo=
  
  chalk@^1.0.0, chalk@^1.1.1, chalk@^1.1.3:
    version "1.1.3"
    resolved "https://registry.npm.taobao.org/chalk/download/chalk-1.1.3.tgz#a8115c55e4a702fe4d150abd3872822a7e09fc98"
    integrity sha1-qBFcVeSnAv5NFQq9OHKCKn4J/Jg=
    dependencies:
      ansi-styles "^2.2.1"
      escape-string-regexp "^1.0.2"
      has-ansi "^2.0.0"
      strip-ansi "^3.0.0"
      supports-color "^2.0.0"
  
  chalk@^2.0.0, chalk@^2.0.1, chalk@^2.1.0:
    version "2.4.2"
    resolved "https://registry.npm.taobao.org/chalk/download/chalk-2.4.2.tgz#cd42541677a54333cf541a49108c1432b44c9424"
    integrity sha1-zUJUFnelQzPPVBpJEIwUMrRMlCQ=
    dependencies:
      ansi-styles "^3.2.1"
      escape-string-regexp "^1.0.5"
      supports-color "^5.3.0"
  
  circular-json@^0.3.1:
    version "0.3.3"
    resolved "https://registry.npm.taobao.org/circular-json/download/circular-json-0.3.3.tgz#815c99ea84f6809529d2f45791bdf82711352d66"
    integrity sha1-gVyZ6oT2gJUp0vRXkb34JxE1LWY=
  
  cli-cursor@^1.0.1, cli-cursor@^1.0.2:
    version "1.0.2"
    resolved "https://registry.npm.taobao.org/cli-cursor/download/cli-cursor-1.0.2.tgz#64da3f7d56a54412e59794bd62dc35295e8f2987"
    integrity sha1-ZNo/fValRBLll5S9Ytw1KV6PKYc=
    dependencies:
      restore-cursor "^1.0.1"
  
  cli-spinners@^0.1.2:
    version "0.1.2"
    resolved "https://registry.npm.taobao.org/cli-spinners/download/cli-spinners-0.1.2.tgz?cache=0&other_urls=https%3A%2F%2Fregistry.npm.taobao.org%2Fcli-spinners%2Fdownload%2Fcli-spinners-0.1.2.tgz#bb764d88e185fb9e1e6a2a1f19772318f605e31c"
    integrity sha1-u3ZNiOGF+54eaiofGXcjGPYF4xw=
  
  cli-truncate@^0.2.1:
    version "0.2.1"
    resolved "https://registry.npm.taobao.org/cli-truncate/download/cli-truncate-0.2.1.tgz#9f15cfbb0705005369216c626ac7d05ab90dd574"
    integrity sha1-nxXPuwcFAFNpIWxiasfQWrkN1XQ=
    dependencies:
      slice-ansi "0.0.4"
      string-width "^1.0.1"
  
  cli-width@^2.0.0:
    version "2.2.0"
    resolved "https://registry.npm.taobao.org/cli-width/download/cli-width-2.2.0.tgz#ff19ede8a9a5e579324147b0c11f0fbcbabed639"
    integrity sha1-/xnt6Kml5XkyQUewwR8PvLq+1jk=
  
  co@^4.6.0:
    version "4.6.0"
    resolved "https://registry.npm.taobao.org/co/download/co-4.6.0.tgz#6ea6bdf3d853ae54ccb8e47bfa0bf3f9031fb184"
    integrity sha1-bqa989hTrlTMuOR7+gvz+QMfsYQ=
  
  code-point-at@^1.0.0:
    version "1.1.0"
    resolved "https://registry.npm.taobao.org/code-point-at/download/code-point-at-1.1.0.tgz#0d070b4d043a5bea33a2f1a40e2edb3d9a4ccf77"
    integrity sha1-DQcLTQQ6W+ozovGkDi7bPZpMz3c=
  
  color-convert@^1.9.0:
    version "1.9.3"
    resolved "https://registry.npm.taobao.org/color-convert/download/color-convert-1.9.3.tgz#bb71850690e1f136567de629d2d5471deda4c1e8"
    integrity sha1-u3GFBpDh8TZWfeYp0tVHHe2kweg=
    dependencies:
      color-name "1.1.3"
  
  color-name@1.1.3:
    version "1.1.3"
    resolved "https://registry.npm.taobao.org/color-name/download/color-name-1.1.3.tgz#a7d0558bd89c42f795dd42328f740831ca53bc25"
    integrity sha1-p9BVi9icQveV3UIyj3QIMcpTvCU=
  
  commander@^2.11.0, commander@^2.9.0:
    version "2.20.3"
    resolved "https://registry.npm.taobao.org/commander/download/commander-2.20.3.tgz#fd485e84c03eb4881c20722ba48035e8531aeb33"
    integrity sha1-/UhehMA+tIgcIHIrpIA16FMa6zM=
  
  concat-map@0.0.1:
    version "0.0.1"
    resolved "https://registry.npm.taobao.org/concat-map/download/concat-map-0.0.1.tgz#d8a96bd77fd68df7793a73036a3ba0d5405d477b"
    integrity sha1-2Klr13/Wjfd5OnMDajug1UBdR3s=
  
  concat-stream@^1.5.2:
    version "1.6.2"
    resolved "https://registry.npm.taobao.org/concat-stream/download/concat-stream-1.6.2.tgz#904bdf194cd3122fc675c77fc4ac3d4ff0fd1a34"
    integrity sha1-kEvfGUzTEi/Gdcd/xKw9T/D9GjQ=
    dependencies:
      buffer-from "^1.0.0"
      inherits "^2.0.3"
      readable-stream "^2.2.2"
      typedarray "^0.0.6"
  
  contains-path@^0.1.0:
    version "0.1.0"
    resolved "https://registry.npm.taobao.org/contains-path/download/contains-path-0.1.0.tgz#fe8cf184ff6670b6baef01a9d4861a5cbec4120a"
    integrity sha1-/ozxhP9mcLa67wGp1IYaXL7EEgo=
  
  core-util-is@~1.0.0:
    version "1.0.2"
    resolved "https://registry.npm.taobao.org/core-util-is/download/core-util-is-1.0.2.tgz#b5fd54220aa2bc5ab57aab7140c940754503c1a7"
    integrity sha1-tf1UIgqivFq1eqtxQMlAdUUDwac=
  
  cosmiconfig@^4.0.0:
    version "4.0.0"
    resolved "https://registry.npm.taobao.org/cosmiconfig/download/cosmiconfig-4.0.0.tgz#760391549580bbd2df1e562bc177b13c290972dc"
    integrity sha1-dgORVJWAu9LfHlYrwXexPCkJctw=
    dependencies:
      is-directory "^0.3.1"
      js-yaml "^3.9.0"
      parse-json "^4.0.0"
      require-from-string "^2.0.1"
  
  cross-spawn@^5.0.1:
    version "5.1.0"
    resolved "https://registry.npm.taobao.org/cross-spawn/download/cross-spawn-5.1.0.tgz#e8bd0efee58fcff6f8f94510a0a554bbfa235449"
    integrity sha1-6L0O/uWPz/b4+UUQoKVUu/ojVEk=
    dependencies:
      lru-cache "^4.0.1"
      shebang-command "^1.2.0"
      which "^1.2.9"
  
  d@1, d@^1.0.1:
    version "1.0.1"
    resolved "https://registry.npm.taobao.org/d/download/d-1.0.1.tgz#8698095372d58dbee346ffd0c7093f99f8f9eb5a"
    integrity sha1-hpgJU3LVjb7jRv/Qxwk/mfj561o=
    dependencies:
      es5-ext "^0.10.50"
      type "^1.0.1"
  
  date-fns@^1.27.2:
    version "1.30.1"
    resolved "https://registry.npm.taobao.org/date-fns/download/date-fns-1.30.1.tgz?cache=0&sync_timestamp=1574404262163&other_urls=https%3A%2F%2Fregistry.npm.taobao.org%2Fdate-fns%2Fdownload%2Fdate-fns-1.30.1.tgz#2e71bf0b119153dbb4cc4e88d9ea5acfb50dc05c"
    integrity sha1-LnG/CxGRU9u0zE6I2epaz7UNwFw=
  
  debug@^2.1.1, debug@^2.6.9:
    version "2.6.9"
    resolved "https://registry.npm.taobao.org/debug/download/debug-2.6.9.tgz#5d128515df134ff327e90a4c93f4e077a536341f"
    integrity sha1-XRKFFd8TT/Mn6QpMk/Tgd6U2NB8=
    dependencies:
      ms "2.0.0"
  
  debug@^3.1.0:
    version "3.2.6"
    resolved "https://registry.npm.taobao.org/debug/download/debug-3.2.6.tgz#e83d17de16d8a7efb7717edbe5fb10135eee629b"
    integrity sha1-6D0X3hbYp++3cX7b5fsQE17uYps=
    dependencies:
      ms "^2.1.1"
  
  dedent@^0.7.0:
    version "0.7.0"
    resolved "https://registry.npm.taobao.org/dedent/download/dedent-0.7.0.tgz#2495ddbaf6eb874abb0e1be9df22d2e5a544326c"
    integrity sha1-JJXduvbrh0q7Dhvp3yLS5aVEMmw=
  
  deep-is@~0.1.3:
    version "0.1.3"
    resolved "https://registry.npm.taobao.org/deep-is/download/deep-is-0.1.3.tgz#b369d6fb5dbc13eecf524f91b070feedc357cf34"
    integrity sha1-s2nW+128E+7PUk+RsHD+7cNXzzQ=
  
  define-properties@^1.1.2, define-properties@^1.1.3:
    version "1.1.3"
    resolved "https://registry.npm.taobao.org/define-properties/download/define-properties-1.1.3.tgz#cf88da6cbee26fe6db7094f61d870cbd84cee9f1"
    integrity sha1-z4jabL7ib+bbcJT2HYcMvYTO6fE=
    dependencies:
      object-keys "^1.0.12"
  
  doctrine@1.5.0:
    version "1.5.0"
    resolved "https://registry.npm.taobao.org/doctrine/download/doctrine-1.5.0.tgz#379dce730f6166f76cefa4e6707a159b02c5a6fa"
    integrity sha1-N53Ocw9hZvds76TmcHoVmwLFpvo=
    dependencies:
      esutils "^2.0.2"
      isarray "^1.0.0"
  
  doctrine@^2.0.0:
    version "2.1.0"
    resolved "https://registry.npm.taobao.org/doctrine/download/doctrine-2.1.0.tgz#5cd01fc101621b42c4cd7f5d1a66243716d3f39d"
    integrity sha1-XNAfwQFiG0LEzX9dGmYkNxbT850=
    dependencies:
      esutils "^2.0.2"
  
  elegant-spinner@^1.0.1:
    version "1.0.1"
    resolved "https://registry.npm.taobao.org/elegant-spinner/download/elegant-spinner-1.0.1.tgz#db043521c95d7e303fd8f345bedc3349cfb0729e"
    integrity sha1-2wQ1IcldfjA/2PNFvtwzSc+wcp4=
  
  error-ex@^1.2.0, error-ex@^1.3.1:
    version "1.3.2"
    resolved "https://registry.npm.taobao.org/error-ex/download/error-ex-1.3.2.tgz#b4ac40648107fdcdcfae242f428bea8a14d4f1bf"
    integrity sha1-tKxAZIEH/c3PriQvQovqihTU8b8=
    dependencies:
      is-arrayish "^0.2.1"
  
  es-abstract@^1.17.0, es-abstract@^1.17.0-next.1:
    version "1.17.0"
    resolved "https://registry.npm.taobao.org/es-abstract/download/es-abstract-1.17.0.tgz#f42a517d0036a5591dbb2c463591dc8bb50309b1"
    integrity sha1-9CpRfQA2pVkduyxGNZHci7UDCbE=
    dependencies:
      es-to-primitive "^1.2.1"
      function-bind "^1.1.1"
      has "^1.0.3"
      has-symbols "^1.0.1"
      is-callable "^1.1.5"
      is-regex "^1.0.5"
      object-inspect "^1.7.0"
      object-keys "^1.1.1"
      object.assign "^4.1.0"
      string.prototype.trimleft "^2.1.1"
      string.prototype.trimright "^2.1.1"
  
  es-to-primitive@^1.2.1:
    version "1.2.1"
    resolved "https://registry.npm.taobao.org/es-to-primitive/download/es-to-primitive-1.2.1.tgz#e55cd4c9cdc188bcefb03b366c736323fc5c898a"
    integrity sha1-5VzUyc3BiLzvsDs2bHNjI/xciYo=
    dependencies:
      is-callable "^1.1.4"
      is-date-object "^1.0.1"
      is-symbol "^1.0.2"
  
  es5-ext@^0.10.35, es5-ext@^0.10.46, es5-ext@^0.10.50, es5-ext@~0.10.14:
    version "0.10.53"
    resolved "https://registry.npm.taobao.org/es5-ext/download/es5-ext-0.10.53.tgz#93c5a3acfdbef275220ad72644ad02ee18368de1"
    integrity sha1-k8WjrP2+8nUiCtcmRK0C7hg2jeE=
    dependencies:
      es6-iterator "~2.0.3"
      es6-symbol "~3.1.3"
      next-tick "~1.0.0"
  
  es6-iterator@^2.0.3, es6-iterator@~2.0.1, es6-iterator@~2.0.3:
    version "2.0.3"
    resolved "https://registry.npm.taobao.org/es6-iterator/download/es6-iterator-2.0.3.tgz#a7de889141a05a94b0854403b2d0a0fbfa98f3b7"
    integrity sha1-p96IkUGgWpSwhUQDstCg+/qY87c=
    dependencies:
      d "1"
      es5-ext "^0.10.35"
      es6-symbol "^3.1.1"
  
  es6-map@^0.1.3:
    version "0.1.5"
    resolved "https://registry.npm.taobao.org/es6-map/download/es6-map-0.1.5.tgz#9136e0503dcc06a301690f0bb14ff4e364e949f0"
    integrity sha1-kTbgUD3MBqMBaQ8LsU/042TpSfA=
    dependencies:
      d "1"
      es5-ext "~0.10.14"
      es6-iterator "~2.0.1"
      es6-set "~0.1.5"
      es6-symbol "~3.1.1"
      event-emitter "~0.3.5"
  
  es6-set@~0.1.5:
    version "0.1.5"
    resolved "https://registry.npm.taobao.org/es6-set/download/es6-set-0.1.5.tgz#d2b3ec5d4d800ced818db538d28974db0a73ccb1"
    integrity sha1-0rPsXU2ADO2BjbU40ol02wpzzLE=
    dependencies:
      d "1"
      es5-ext "~0.10.14"
      es6-iterator "~2.0.1"
      es6-symbol "3.1.1"
      event-emitter "~0.3.5"
  
  es6-symbol@3.1.1:
    version "3.1.1"
    resolved "https://registry.npm.taobao.org/es6-symbol/download/es6-symbol-3.1.1.tgz#bf00ef4fdab6ba1b46ecb7b629b4c7ed5715cc77"
    integrity sha1-vwDvT9q2uhtG7Le2KbTH7VcVzHc=
    dependencies:
      d "1"
      es5-ext "~0.10.14"
  
  es6-symbol@^3.1.1, es6-symbol@~3.1.1, es6-symbol@~3.1.3:
    version "3.1.3"
    resolved "https://registry.npm.taobao.org/es6-symbol/download/es6-symbol-3.1.3.tgz#bad5d3c1bcdac28269f4cb331e431c78ac705d18"
    integrity sha1-utXTwbzawoJp9MszHkMceKxwXRg=
    dependencies:
      d "^1.0.1"
      ext "^1.1.2"
  
  es6-weak-map@^2.0.1:
    version "2.0.3"
    resolved "https://registry.npm.taobao.org/es6-weak-map/download/es6-weak-map-2.0.3.tgz#b6da1f16cc2cc0d9be43e6bdbfc5e7dfcdf31d53"
    integrity sha1-ttofFswswNm+Q+a9v8Xn383zHVM=
    dependencies:
      d "1"
      es5-ext "^0.10.46"
      es6-iterator "^2.0.3"
      es6-symbol "^3.1.1"
  
  escape-string-regexp@^1.0.2, escape-string-regexp@^1.0.5:
    version "1.0.5"
    resolved "https://registry.npm.taobao.org/escape-string-regexp/download/escape-string-regexp-1.0.5.tgz#1b61c0562190a8dff6ae3bb2cf0200ca130b86d4"
    integrity sha1-G2HAViGQqN/2rjuyzwIAyhMLhtQ=
  
  escope@^3.6.0:
    version "3.6.0"
    resolved "https://registry.npm.taobao.org/escope/download/escope-3.6.0.tgz#e01975e812781a163a6dadfdd80398dc64c889c3"
    integrity sha1-4Bl16BJ4GhY6ba392AOY3GTIicM=
    dependencies:
      es6-map "^0.1.3"
      es6-weak-map "^2.0.1"
      esrecurse "^4.1.0"
      estraverse "^4.1.1"
  
  eslint-config-prettier@^2.9.0:
    version "2.10.0"
    resolved "https://registry.npm.taobao.org/eslint-config-prettier/download/eslint-config-prettier-2.10.0.tgz?cache=0&sync_timestamp=1577448068168&other_urls=https%3A%2F%2Fregistry.npm.taobao.org%2Feslint-config-prettier%2Fdownload%2Feslint-config-prettier-2.10.0.tgz#ec07bc1d01f87d09f61d3840d112dc8a9791e30b"
    integrity sha1-7Ae8HQH4fQn2HThA0RLcipeR4ws=
    dependencies:
      get-stdin "^5.0.1"
  
  eslint-import-resolver-node@^0.3.2:
    version "0.3.2"
    resolved "https://registry.npm.taobao.org/eslint-import-resolver-node/download/eslint-import-resolver-node-0.3.2.tgz#58f15fb839b8d0576ca980413476aab2472db66a"
    integrity sha1-WPFfuDm40FdsqYBBNHaqskcttmo=
    dependencies:
      debug "^2.6.9"
      resolve "^1.5.0"
  
  eslint-module-utils@^2.4.1:
    version "2.5.0"
    resolved "https://registry.npm.taobao.org/eslint-module-utils/download/eslint-module-utils-2.5.0.tgz#cdf0b40d623032274ccd2abd7e64c4e524d6e19c"
    integrity sha1-zfC0DWIwMidMzSq9fmTE5STW4Zw=
    dependencies:
      debug "^2.6.9"
      pkg-dir "^2.0.0"
  
  eslint-plugin-import@^2.8.0:
    version "2.19.1"
    resolved "https://registry.npm.taobao.org/eslint-plugin-import/download/eslint-plugin-import-2.19.1.tgz#5654e10b7839d064dd0d46cd1b88ec2133a11448"
    integrity sha1-VlThC3g50GTdDUbNG4jsITOhFEg=
    dependencies:
      array-includes "^3.0.3"
      array.prototype.flat "^1.2.1"
      contains-path "^0.1.0"
      debug "^2.6.9"
      doctrine "1.5.0"
      eslint-import-resolver-node "^0.3.2"
      eslint-module-utils "^2.4.1"
      has "^1.0.3"
      minimatch "^3.0.4"
      object.values "^1.1.0"
      read-pkg-up "^2.0.0"
      resolve "^1.12.0"
  
  eslint-plugin-prettier@^2.3.1:
    version "2.7.0"
    resolved "https://registry.npm.taobao.org/eslint-plugin-prettier/download/eslint-plugin-prettier-2.7.0.tgz#b4312dcf2c1d965379d7f9d5b5f8aaadc6a45904"
    integrity sha1-tDEtzywdllN51/nVtfiqrcakWQQ=
    dependencies:
      fast-diff "^1.1.1"
      jest-docblock "^21.0.0"
  
  eslint-scope@3.7.1:
    version "3.7.1"
    resolved "https://registry.npm.taobao.org/eslint-scope/download/eslint-scope-3.7.1.tgz?cache=0&sync_timestamp=1566286635417&other_urls=https%3A%2F%2Fregistry.npm.taobao.org%2Feslint-scope%2Fdownload%2Feslint-scope-3.7.1.tgz#3d63c3edfda02e06e01a452ad88caacc7cdcb6e8"
    integrity sha1-PWPD7f2gLgbgGkUq2IyqzHzctug=
    dependencies:
      esrecurse "^4.1.0"
      estraverse "^4.1.1"
  
  eslint-visitor-keys@^1.0.0:
    version "1.1.0"
    resolved "https://registry.npm.taobao.org/eslint-visitor-keys/download/eslint-visitor-keys-1.1.0.tgz?cache=0&sync_timestamp=1566286635194&other_urls=https%3A%2F%2Fregistry.npm.taobao.org%2Feslint-visitor-keys%2Fdownload%2Feslint-visitor-keys-1.1.0.tgz#e2a82cea84ff246ad6fb57f9bde5b46621459ec2"
    integrity sha1-4qgs6oT/JGrW+1f5veW0ZiFFnsI=
  
  eslint@^3.12.1:
    version "3.19.0"
    resolved "https://registry.npm.taobao.org/eslint/download/eslint-3.19.0.tgz?cache=0&sync_timestamp=1576884668283&other_urls=https%3A%2F%2Fregistry.npm.taobao.org%2Feslint%2Fdownload%2Feslint-3.19.0.tgz#c8fc6201c7f40dd08941b87c085767386a679acc"
    integrity sha1-yPxiAcf0DdCJQbh8CFdnOGpnmsw=
    dependencies:
      babel-code-frame "^6.16.0"
      chalk "^1.1.3"
      concat-stream "^1.5.2"
      debug "^2.1.1"
      doctrine "^2.0.0"
      escope "^3.6.0"
      espree "^3.4.0"
      esquery "^1.0.0"
      estraverse "^4.2.0"
      esutils "^2.0.2"
      file-entry-cache "^2.0.0"
      glob "^7.0.3"
      globals "^9.14.0"
      ignore "^3.2.0"
      imurmurhash "^0.1.4"
      inquirer "^0.12.0"
      is-my-json-valid "^2.10.0"
      is-resolvable "^1.0.0"
      js-yaml "^3.5.1"
      json-stable-stringify "^1.0.0"
      levn "^0.3.0"
      lodash "^4.0.0"
      mkdirp "^0.5.0"
      natural-compare "^1.4.0"
      optionator "^0.8.2"
      path-is-inside "^1.0.1"
      pluralize "^1.2.1"
      progress "^1.1.8"
      require-uncached "^1.0.2"
      shelljs "^0.7.5"
      strip-bom "^3.0.0"
      strip-json-comments "~2.0.1"
      table "^3.7.8"
      text-table "~0.2.0"
      user-home "^2.0.0"
  
  espree@^3.4.0:
    version "3.5.4"
    resolved "https://registry.npm.taobao.org/espree/download/espree-3.5.4.tgz?cache=0&sync_timestamp=1571624368510&other_urls=https%3A%2F%2Fregistry.npm.taobao.org%2Fespree%2Fdownload%2Fespree-3.5.4.tgz#b0f447187c8a8bed944b815a660bddf5deb5d1a7"
    integrity sha1-sPRHGHyKi+2US4FaZgvd9d610ac=
    dependencies:
      acorn "^5.5.0"
      acorn-jsx "^3.0.0"
  
  esprima@^4.0.0:
    version "4.0.1"
    resolved "https://registry.npm.taobao.org/esprima/download/esprima-4.0.1.tgz#13b04cdb3e6c5d19df91ab6987a8695619b0aa71"
    integrity sha1-E7BM2z5sXRnfkatph6hpVhmwqnE=
  
  esquery@^1.0.0:
    version "1.0.1"
    resolved "https://registry.npm.taobao.org/esquery/download/esquery-1.0.1.tgz#406c51658b1f5991a5f9b62b1dc25b00e3e5c708"
    integrity sha1-QGxRZYsfWZGl+bYrHcJbAOPlxwg=
    dependencies:
      estraverse "^4.0.0"
  
  esrecurse@^4.1.0:
    version "4.2.1"
    resolved "https://registry.npm.taobao.org/esrecurse/download/esrecurse-4.2.1.tgz#007a3b9fdbc2b3bb87e4879ea19c92fdbd3942cf"
    integrity sha1-AHo7n9vCs7uH5IeeoZyS/b05Qs8=
    dependencies:
      estraverse "^4.1.0"
  
  estraverse@^4.0.0, estraverse@^4.1.0, estraverse@^4.1.1, estraverse@^4.2.0:
    version "4.3.0"
    resolved "https://registry.npm.taobao.org/estraverse/download/estraverse-4.3.0.tgz#398ad3f3c5a24948be7725e83d11a7de28cdbd1d"
    integrity sha1-OYrT88WiSUi+dyXoPRGn3ijNvR0=
  
  esutils@^2.0.2:
    version "2.0.3"
    resolved "https://registry.npm.taobao.org/esutils/download/esutils-2.0.3.tgz#74d2eb4de0b8da1293711910d50775b9b710ef64"
    integrity sha1-dNLrTeC42hKTcRkQ1Qd1ubcQ72Q=
  
  event-emitter@~0.3.5:
    version "0.3.5"
    resolved "https://registry.npm.taobao.org/event-emitter/download/event-emitter-0.3.5.tgz#df8c69eef1647923c7157b9ce83840610b02cc39"
    integrity sha1-34xp7vFkeSPHFXuc6DhAYQsCzDk=
    dependencies:
      d "1"
      es5-ext "~0.10.14"
  
  execa@^0.8.0:
    version "0.8.0"
    resolved "https://registry.npm.taobao.org/execa/download/execa-0.8.0.tgz?cache=0&other_urls=https%3A%2F%2Fregistry.npm.taobao.org%2Fexeca%2Fdownload%2Fexeca-0.8.0.tgz#d8d76bbc1b55217ed190fd6dd49d3c774ecfc8da"
    integrity sha1-2NdrvBtVIX7RkP1t1J08d07PyNo=
    dependencies:
      cross-spawn "^5.0.1"
      get-stream "^3.0.0"
      is-stream "^1.1.0"
      npm-run-path "^2.0.0"
      p-finally "^1.0.0"
      signal-exit "^3.0.0"
      strip-eof "^1.0.0"
  
  exit-hook@^1.0.0:
    version "1.1.1"
    resolved "https://registry.npm.taobao.org/exit-hook/download/exit-hook-1.1.1.tgz#f05ca233b48c05d54fff07765df8507e95c02ff8"
    integrity sha1-8FyiM7SMBdVP/wd2XfhQfpXAL/g=
  
  ext@^1.1.2:
    version "1.4.0"
    resolved "https://registry.npm.taobao.org/ext/download/ext-1.4.0.tgz?cache=0&sync_timestamp=1575037254829&other_urls=https%3A%2F%2Fregistry.npm.taobao.org%2Fext%2Fdownload%2Fext-1.4.0.tgz#89ae7a07158f79d35517882904324077e4379244"
    integrity sha1-ia56BxWPedNVF4gpBDJAd+Q3kkQ=
    dependencies:
      type "^2.0.0"
  
  fast-diff@^1.1.1:
    version "1.2.0"
    resolved "https://registry.npm.taobao.org/fast-diff/download/fast-diff-1.2.0.tgz#73ee11982d86caaf7959828d519cfe927fac5f03"
    integrity sha1-c+4RmC2Gyq95WYKNUZz+kn+sXwM=
  
  fast-levenshtein@~2.0.6:
    version "2.0.6"
    resolved "https://registry.npm.taobao.org/fast-levenshtein/download/fast-levenshtein-2.0.6.tgz#3d8a5c66883a16a30ca8643e851f19baa7797917"
    integrity sha1-PYpcZog6FqMMqGQ+hR8Zuqd5eRc=
  
  figures@^1.3.5, figures@^1.7.0:
    version "1.7.0"
    resolved "https://registry.npm.taobao.org/figures/download/figures-1.7.0.tgz#cbe1e3affcf1cd44b80cadfed28dc793a9701d2e"
    integrity sha1-y+Hjr/zxzUS4DK3+0o3Hk6lwHS4=
    dependencies:
      escape-string-regexp "^1.0.5"
      object-assign "^4.1.0"
  
  file-entry-cache@^2.0.0:
    version "2.0.0"
    resolved "https://registry.npm.taobao.org/file-entry-cache/download/file-entry-cache-2.0.0.tgz#c392990c3e684783d838b8c84a45d8a048458361"
    integrity sha1-w5KZDD5oR4PYOLjISkXYoEhFg2E=
    dependencies:
      flat-cache "^1.2.1"
      object-assign "^4.0.1"
  
  find-parent-dir@^0.3.0:
    version "0.3.0"
    resolved "https://registry.npm.taobao.org/find-parent-dir/download/find-parent-dir-0.3.0.tgz#33c44b429ab2b2f0646299c5f9f718f376ff8d54"
    integrity sha1-M8RLQpqysvBkYpnF+fcY83b/jVQ=
  
  find-up@^2.0.0, find-up@^2.1.0:
    version "2.1.0"
    resolved "https://registry.npm.taobao.org/find-up/download/find-up-2.1.0.tgz#45d1b7e506c717ddd482775a2b77920a3c0c57a7"
    integrity sha1-RdG35QbHF93UgndaK3eSCjwMV6c=
    dependencies:
      locate-path "^2.0.0"
  
  flat-cache@^1.2.1:
    version "1.3.4"
    resolved "https://registry.npm.taobao.org/flat-cache/download/flat-cache-1.3.4.tgz#2c2ef77525cc2929007dfffa1dd314aa9c9dee6f"
    integrity sha1-LC73dSXMKSkAff/6HdMUqpyd7m8=
    dependencies:
      circular-json "^0.3.1"
      graceful-fs "^4.1.2"
      rimraf "~2.6.2"
      write "^0.2.1"
  
  fs.realpath@^1.0.0:
    version "1.0.0"
    resolved "https://registry.npm.taobao.org/fs.realpath/download/fs.realpath-1.0.0.tgz#1504ad2523158caa40db4a2787cb01411994ea4f"
    integrity sha1-FQStJSMVjKpA20onh8sBQRmU6k8=
  
  function-bind@^1.1.1:
    version "1.1.1"
    resolved "https://registry.npm.taobao.org/function-bind/download/function-bind-1.1.1.tgz?cache=0&other_urls=https%3A%2F%2Fregistry.npm.taobao.org%2Ffunction-bind%2Fdownload%2Ffunction-bind-1.1.1.tgz#a56899d3ea3c9bab874bb9773b7c5ede92f4895d"
    integrity sha1-pWiZ0+o8m6uHS7l3O3xe3pL0iV0=
  
  generate-function@^2.0.0:
    version "2.3.1"
    resolved "https://registry.npm.taobao.org/generate-function/download/generate-function-2.3.1.tgz#f069617690c10c868e73b8465746764f97c3479f"
    integrity sha1-8GlhdpDBDIaOc7hGV0Z2T5fDR58=
    dependencies:
      is-property "^1.0.2"
  
  generate-object-property@^1.1.0:
    version "1.2.0"
    resolved "https://registry.npm.taobao.org/generate-object-property/download/generate-object-property-1.2.0.tgz#9c0e1c40308ce804f4783618b937fa88f99d50d0"
    integrity sha1-nA4cQDCM6AT0eDYYuTf6iPmdUNA=
    dependencies:
      is-property "^1.0.0"
  
  get-own-enumerable-property-symbols@^3.0.0:
    version "3.0.2"
    resolved "https://registry.npm.taobao.org/get-own-enumerable-property-symbols/download/get-own-enumerable-property-symbols-3.0.2.tgz#b5fde77f22cbe35f390b4e089922c50bce6ef664"
    integrity sha1-tf3nfyLL4185C04ImSLFC85u9mQ=
  
  get-stdin@^5.0.1:
    version "5.0.1"
    resolved "https://registry.npm.taobao.org/get-stdin/download/get-stdin-5.0.1.tgz#122e161591e21ff4c52530305693f20e6393a398"
    integrity sha1-Ei4WFZHiH/TFJTAwVpPyDmOTo5g=
  
  get-stream@^3.0.0:
    version "3.0.0"
    resolved "https://registry.npm.taobao.org/get-stream/download/get-stream-3.0.0.tgz#8e943d1358dc37555054ecbe2edb05aa174ede14"
    integrity sha1-jpQ9E1jcN1VQVOy+LtsFqhdO3hQ=
  
  glob@^7.0.0, glob@^7.0.3, glob@^7.1.3:
    version "7.1.6"
    resolved "https://registry.npm.taobao.org/glob/download/glob-7.1.6.tgz?cache=0&sync_timestamp=1573078079496&other_urls=https%3A%2F%2Fregistry.npm.taobao.org%2Fglob%2Fdownload%2Fglob-7.1.6.tgz#141f33b81a7c2492e125594307480c46679278a6"
    integrity sha1-FB8zuBp8JJLhJVlDB0gMRmeSeKY=
    dependencies:
      fs.realpath "^1.0.0"
      inflight "^1.0.4"
      inherits "2"
      minimatch "^3.0.4"
      once "^1.3.0"
      path-is-absolute "^1.0.0"
  
  globals@^11.1.0:
    version "11.12.0"
    resolved "https://registry.npm.taobao.org/globals/download/globals-11.12.0.tgz?cache=0&sync_timestamp=1574143265609&other_urls=https%3A%2F%2Fregistry.npm.taobao.org%2Fglobals%2Fdownload%2Fglobals-11.12.0.tgz#ab8795338868a0babd8525758018c2a7eb95c42e"
    integrity sha1-q4eVM4hooLq9hSV1gBjCp+uVxC4=
  
  globals@^9.14.0:
    version "9.18.0"
    resolved "https://registry.npm.taobao.org/globals/download/globals-9.18.0.tgz?cache=0&sync_timestamp=1574143265609&other_urls=https%3A%2F%2Fregistry.npm.taobao.org%2Fglobals%2Fdownload%2Fglobals-9.18.0.tgz#aa3896b3e69b487f17e31ed2143d69a8e30c2d8a"
    integrity sha1-qjiWs+abSH8X4x7SFD1pqOMMLYo=
  
  graceful-fs@^4.1.2:
    version "4.2.3"
    resolved "https://registry.npm.taobao.org/graceful-fs/download/graceful-fs-4.2.3.tgz#4a12ff1b60376ef09862c2093edd908328be8423"
    integrity sha1-ShL/G2A3bvCYYsIJPt2Qgyi+hCM=
  
  has-ansi@^2.0.0:
    version "2.0.0"
    resolved "https://registry.npm.taobao.org/has-ansi/download/has-ansi-2.0.0.tgz#34f5049ce1ecdf2b0649af3ef24e45ed35416d91"
    integrity sha1-NPUEnOHs3ysGSa8+8k5F7TVBbZE=
    dependencies:
      ansi-regex "^2.0.0"
  
  has-flag@^3.0.0:
    version "3.0.0"
    resolved "https://registry.npm.taobao.org/has-flag/download/has-flag-3.0.0.tgz#b5d454dc2199ae225699f3467e5a07f3b955bafd"
    integrity sha1-tdRU3CGZriJWmfNGfloH87lVuv0=
  
  has-symbols@^1.0.0, has-symbols@^1.0.1:
    version "1.0.1"
    resolved "https://registry.npm.taobao.org/has-symbols/download/has-symbols-1.0.1.tgz#9f5214758a44196c406d9bd76cebf81ec2dd31e8"
    integrity sha1-n1IUdYpEGWxAbZvXbOv4HsLdMeg=
  
  has@^1.0.3:
    version "1.0.3"
    resolved "https://registry.npm.taobao.org/has/download/has-1.0.3.tgz#722d7cbfc1f6aa8241f16dd814e011e1f41e8796"
    integrity sha1-ci18v8H2qoJB8W3YFOAR4fQeh5Y=
    dependencies:
      function-bind "^1.1.1"
  
  hosted-git-info@^2.1.4:
    version "2.8.5"
    resolved "https://registry.npm.taobao.org/hosted-git-info/download/hosted-git-info-2.8.5.tgz#759cfcf2c4d156ade59b0b2dfabddc42a6b9c70c"
    integrity sha1-dZz88sTRVq3lmwst+r3cQqa5xww=
  
  ignore@^3.2.0:
    version "3.3.10"
    resolved "https://registry.npm.taobao.org/ignore/download/ignore-3.3.10.tgz#0a97fb876986e8081c631160f8f9f389157f0043"
    integrity sha1-Cpf7h2mG6AgcYxFg+PnziRV/AEM=
  
  imurmurhash@^0.1.4:
    version "0.1.4"
    resolved "https://registry.npm.taobao.org/imurmurhash/download/imurmurhash-0.1.4.tgz#9218b9b2b928a238b13dc4fb6b6d576f231453ea"
    integrity sha1-khi5srkoojixPcT7a21XbyMUU+o=
  
  indent-string@^2.1.0:
    version "2.1.0"
    resolved "https://registry.npm.taobao.org/indent-string/download/indent-string-2.1.0.tgz#8e2d48348742121b4a8218b7a137e9a52049dc80"
    integrity sha1-ji1INIdCEhtKghi3oTfppSBJ3IA=
    dependencies:
      repeating "^2.0.0"
  
  indent-string@^3.0.0:
    version "3.2.0"
    resolved "https://registry.npm.taobao.org/indent-string/download/indent-string-3.2.0.tgz#4a5fd6d27cc332f37e5419a504dbb837105c9289"
    integrity sha1-Sl/W0nzDMvN+VBmlBNu4NxBckok=
  
  inflight@^1.0.4:
    version "1.0.6"
    resolved "https://registry.npm.taobao.org/inflight/download/inflight-1.0.6.tgz#49bd6331d7d02d0c09bc910a1075ba8165b56df9"
    integrity sha1-Sb1jMdfQLQwJvJEKEHW6gWW1bfk=
    dependencies:
      once "^1.3.0"
      wrappy "1"
  
  inherits@2, inherits@^2.0.3, inherits@~2.0.3:
    version "2.0.4"
    resolved "https://registry.npm.taobao.org/inherits/download/inherits-2.0.4.tgz#0fa2c64f932917c3433a0ded55363aae37416b7c"
    integrity sha1-D6LGT5MpF8NDOg3tVTY6rjdBa3w=
  
  inquirer@^0.12.0:
    version "0.12.0"
    resolved "https://registry.npm.taobao.org/inquirer/download/inquirer-0.12.0.tgz?cache=0&sync_timestamp=1578357373766&other_urls=https%3A%2F%2Fregistry.npm.taobao.org%2Finquirer%2Fdownload%2Finquirer-0.12.0.tgz#1ef2bfd63504df0bc75785fff8c2c41df12f077e"
    integrity sha1-HvK/1jUE3wvHV4X/+MLEHfEvB34=
    dependencies:
      ansi-escapes "^1.1.0"
      ansi-regex "^2.0.0"
      chalk "^1.0.0"
      cli-cursor "^1.0.1"
      cli-width "^2.0.0"
      figures "^1.3.5"
      lodash "^4.3.0"
      readline2 "^1.0.1"
      run-async "^0.1.0"
      rx-lite "^3.1.2"
      string-width "^1.0.1"
      strip-ansi "^3.0.0"
      through "^2.3.6"
  
  interpret@^1.0.0:
    version "1.2.0"
    resolved "https://registry.npm.taobao.org/interpret/download/interpret-1.2.0.tgz?cache=0&other_urls=https%3A%2F%2Fregistry.npm.taobao.org%2Finterpret%2Fdownload%2Finterpret-1.2.0.tgz#d5061a6224be58e8083985f5014d844359576296"
    integrity sha1-1QYaYiS+WOgIOYX1AU2EQ1lXYpY=
  
  invariant@^2.2.0:
    version "2.2.4"
    resolved "https://registry.npm.taobao.org/invariant/download/invariant-2.2.4.tgz#610f3c92c9359ce1db616e538008d23ff35158e6"
    integrity sha1-YQ88ksk1nOHbYW5TgAjSP/NRWOY=
    dependencies:
      loose-envify "^1.0.0"
  
  is-arrayish@^0.2.1:
    version "0.2.1"
    resolved "https://registry.npm.taobao.org/is-arrayish/download/is-arrayish-0.2.1.tgz#77c99840527aa8ecb1a8ba697b80645a7a926a9d"
    integrity sha1-d8mYQFJ6qOyxqLppe4BkWnqSap0=
  
  is-callable@^1.1.4, is-callable@^1.1.5:
    version "1.1.5"
    resolved "https://registry.npm.taobao.org/is-callable/download/is-callable-1.1.5.tgz?cache=0&sync_timestamp=1576778603160&other_urls=https%3A%2F%2Fregistry.npm.taobao.org%2Fis-callable%2Fdownload%2Fis-callable-1.1.5.tgz#f7e46b596890456db74e7f6e976cb3273d06faab"
    integrity sha1-9+RrWWiQRW23Tn9ul2yzJz0G+qs=
  
  is-date-object@^1.0.1:
    version "1.0.2"
    resolved "https://registry.npm.taobao.org/is-date-object/download/is-date-object-1.0.2.tgz?cache=0&sync_timestamp=1576729394532&other_urls=https%3A%2F%2Fregistry.npm.taobao.org%2Fis-date-object%2Fdownload%2Fis-date-object-1.0.2.tgz#bda736f2cd8fd06d32844e7743bfa7494c3bfd7e"
    integrity sha1-vac28s2P0G0yhE53Q7+nSUw7/X4=
  
  is-directory@^0.3.1:
    version "0.3.1"
    resolved "https://registry.npm.taobao.org/is-directory/download/is-directory-0.3.1.tgz#61339b6f2475fc772fd9c9d83f5c8575dc154ae1"
    integrity sha1-YTObbyR1/Hcv2cnYP1yFddwVSuE=
  
  is-extglob@^2.1.1:
    version "2.1.1"
    resolved "https://registry.npm.taobao.org/is-extglob/download/is-extglob-2.1.1.tgz#a88c02535791f02ed37c76a1b9ea9773c833f8c2"
    integrity sha1-qIwCU1eR8C7TfHahueqXc8gz+MI=
  
  is-finite@^1.0.0:
    version "1.0.2"
    resolved "https://registry.npm.taobao.org/is-finite/download/is-finite-1.0.2.tgz#cc6677695602be550ef11e8b4aa6305342b6d0aa"
    integrity sha1-zGZ3aVYCvlUO8R6LSqYwU0K20Ko=
    dependencies:
      number-is-nan "^1.0.0"
  
  is-fullwidth-code-point@^1.0.0:
    version "1.0.0"
    resolved "https://registry.npm.taobao.org/is-fullwidth-code-point/download/is-fullwidth-code-point-1.0.0.tgz#ef9e31386f031a7f0d643af82fde50c457ef00cb"
    integrity sha1-754xOG8DGn8NZDr4L95QxFfvAMs=
    dependencies:
      number-is-nan "^1.0.0"
  
  is-fullwidth-code-point@^2.0.0:
    version "2.0.0"
    resolved "https://registry.npm.taobao.org/is-fullwidth-code-point/download/is-fullwidth-code-point-2.0.0.tgz#a3b30a5c4f199183167aaab93beefae3ddfb654f"
    integrity sha1-o7MKXE8ZkYMWeqq5O+764937ZU8=
  
  is-glob@^4.0.0:
    version "4.0.1"
    resolved "https://registry.npm.taobao.org/is-glob/download/is-glob-4.0.1.tgz#7567dbe9f2f5e2467bc77ab83c4a29482407a5dc"
    integrity sha1-dWfb6fL14kZ7x3q4PEopSCQHpdw=
    dependencies:
      is-extglob "^2.1.1"
  
  is-my-ip-valid@^1.0.0:
    version "1.0.0"
    resolved "https://registry.npm.taobao.org/is-my-ip-valid/download/is-my-ip-valid-1.0.0.tgz#7b351b8e8edd4d3995d4d066680e664d94696824"
    integrity sha1-ezUbjo7dTTmV1NBmaA5mTZRpaCQ=
  
  is-my-json-valid@^2.10.0:
    version "2.20.0"
    resolved "https://registry.npm.taobao.org/is-my-json-valid/download/is-my-json-valid-2.20.0.tgz#1345a6fca3e8daefc10d0fa77067f54cedafd59a"
    integrity sha1-E0Wm/KPo2u/BDQ+ncGf1TO2v1Zo=
    dependencies:
      generate-function "^2.0.0"
      generate-object-property "^1.1.0"
      is-my-ip-valid "^1.0.0"
      jsonpointer "^4.0.0"
      xtend "^4.0.0"
  
  is-obj@^1.0.1:
    version "1.0.1"
    resolved "https://registry.npm.taobao.org/is-obj/download/is-obj-1.0.1.tgz#3e4729ac1f5fde025cd7d83a896dab9f4f67db0f"
    integrity sha1-PkcprB9f3gJc19g6iW2rn09n2w8=
  
  is-observable@^0.2.0:
    version "0.2.0"
    resolved "https://registry.npm.taobao.org/is-observable/download/is-observable-0.2.0.tgz#b361311d83c6e5d726cabf5e250b0237106f5ae2"
    integrity sha1-s2ExHYPG5dcmyr9eJQsCNxBvWuI=
    dependencies:
      symbol-observable "^0.2.2"
  
  is-promise@^2.1.0:
    version "2.1.0"
    resolved "https://registry.npm.taobao.org/is-promise/download/is-promise-2.1.0.tgz#79a2a9ece7f096e80f36d2b2f3bc16c1ff4bf3fa"
    integrity sha1-eaKp7OfwlugPNtKy87wWwf9L8/o=
  
  is-property@^1.0.0, is-property@^1.0.2:
    version "1.0.2"
    resolved "https://registry.npm.taobao.org/is-property/download/is-property-1.0.2.tgz#57fe1c4e48474edd65b09911f26b1cd4095dda84"
    integrity sha1-V/4cTkhHTt1lsJkR8msc1Ald2oQ=
  
  is-regex@^1.0.5:
    version "1.0.5"
    resolved "https://registry.npm.taobao.org/is-regex/download/is-regex-1.0.5.tgz?cache=0&sync_timestamp=1576455852912&other_urls=https%3A%2F%2Fregistry.npm.taobao.org%2Fis-regex%2Fdownload%2Fis-regex-1.0.5.tgz#39d589a358bf18967f726967120b8fc1aed74eae"
    integrity sha1-OdWJo1i/GJZ/cmlnEguPwa7XTq4=
    dependencies:
      has "^1.0.3"
  
  is-regexp@^1.0.0:
    version "1.0.0"
    resolved "https://registry.npm.taobao.org/is-regexp/download/is-regexp-1.0.0.tgz#fd2d883545c46bac5a633e7b9a09e87fa2cb5069"
    integrity sha1-/S2INUXEa6xaYz57mgnof6LLUGk=
  
  is-resolvable@^1.0.0:
    version "1.1.0"
    resolved "https://registry.npm.taobao.org/is-resolvable/download/is-resolvable-1.1.0.tgz#fb18f87ce1feb925169c9a407c19318a3206ed88"
    integrity sha1-+xj4fOH+uSUWnJpAfBkxijIG7Yg=
  
  is-stream@^1.1.0:
    version "1.1.0"
    resolved "https://registry.npm.taobao.org/is-stream/download/is-stream-1.1.0.tgz#12d4a3dd4e68e0b79ceb8dbc84173ae80d91ca44"
    integrity sha1-EtSj3U5o4Lec6428hBc66A2RykQ=
  
  is-string@^1.0.5:
    version "1.0.5"
    resolved "https://registry.npm.taobao.org/is-string/download/is-string-1.0.5.tgz#40493ed198ef3ff477b8c7f92f644ec82a5cd3a6"
    integrity sha1-QEk+0ZjvP/R3uMf5L2ROyCpc06Y=
  
  is-symbol@^1.0.2:
    version "1.0.3"
    resolved "https://registry.npm.taobao.org/is-symbol/download/is-symbol-1.0.3.tgz?cache=0&sync_timestamp=1574297184917&other_urls=https%3A%2F%2Fregistry.npm.taobao.org%2Fis-symbol%2Fdownload%2Fis-symbol-1.0.3.tgz#38e1014b9e6329be0de9d24a414fd7441ec61937"
    integrity sha1-OOEBS55jKb4N6dJKQU/XRB7GGTc=
    dependencies:
      has-symbols "^1.0.1"
  
  isarray@^1.0.0, isarray@~1.0.0:
    version "1.0.0"
    resolved "https://registry.npm.taobao.org/isarray/download/isarray-1.0.0.tgz#bb935d48582cba168c06834957a54a3e07124f11"
    integrity sha1-u5NdSFgsuhaMBoNJV6VKPgcSTxE=
  
  isexe@^2.0.0:
    version "2.0.0"
    resolved "https://registry.npm.taobao.org/isexe/download/isexe-2.0.0.tgz#e8fbf374dc556ff8947a10dcb0572d633f2cfa10"
    integrity sha1-6PvzdNxVb/iUehDcsFctYz8s+hA=
  
  jest-docblock@^21.0.0:
    version "21.2.0"
    resolved "https://registry.npm.taobao.org/jest-docblock/download/jest-docblock-21.2.0.tgz#51529c3b30d5fd159da60c27ceedc195faf8d414"
    integrity sha1-UVKcOzDV/RWdpgwnzu3Blfr41BQ=
  
  jest-get-type@^21.2.0:
    version "21.2.0"
    resolved "https://registry.npm.taobao.org/jest-get-type/download/jest-get-type-21.2.0.tgz#f6376ab9db4b60d81e39f30749c6c466f40d4a23"
    integrity sha1-9jdqudtLYNgeOfMHScbEZvQNSiM=
  
  jest-validate@^21.1.0:
    version "21.2.1"
    resolved "https://registry.npm.taobao.org/jest-validate/download/jest-validate-21.2.1.tgz#cc0cbca653cd54937ba4f2a111796774530dd3c7"
    integrity sha1-zAy8plPNVJN7pPKhEXlndFMN08c=
    dependencies:
      chalk "^2.0.1"
      jest-get-type "^21.2.0"
      leven "^2.1.0"
      pretty-format "^21.2.1"
  
  js-tokens@^3.0.0, js-tokens@^3.0.2:
    version "3.0.2"
    resolved "https://registry.npm.taobao.org/js-tokens/download/js-tokens-3.0.2.tgz#9866df395102130e38f7f996bceb65443209c25b"
    integrity sha1-mGbfOVECEw449/mWvOtlRDIJwls=
  
  "js-tokens@^3.0.0 || ^4.0.0":
    version "4.0.0"
    resolved "https://registry.npm.taobao.org/js-tokens/download/js-tokens-4.0.0.tgz#19203fb59991df98e3a287050d4647cdeaf32499"
    integrity sha1-GSA/tZmR35jjoocFDUZHzerzJJk=
  
  js-yaml@^3.5.1, js-yaml@^3.9.0:
    version "3.13.1"
    resolved "https://registry.npm.taobao.org/js-yaml/download/js-yaml-3.13.1.tgz#aff151b30bfdfa8e49e05da22e7415e9dfa37847"
    integrity sha1-r/FRswv9+o5J4F2iLnQV6d+jeEc=
    dependencies:
      argparse "^1.0.7"
      esprima "^4.0.0"
  
  jsesc@^2.5.1:
    version "2.5.2"
    resolved "https://registry.npm.taobao.org/jsesc/download/jsesc-2.5.2.tgz#80564d2e483dacf6e8ef209650a67df3f0c283a4"
    integrity sha1-gFZNLkg9rPbo7yCWUKZ98/DCg6Q=
  
  json-parse-better-errors@^1.0.1:
    version "1.0.2"
    resolved "https://registry.npm.taobao.org/json-parse-better-errors/download/json-parse-better-errors-1.0.2.tgz#bb867cfb3450e69107c131d1c514bab3dc8bcaa9"
    integrity sha1-u4Z8+zRQ5pEHwTHRxRS6s9yLyqk=
  
  json-stable-stringify@^1.0.0, json-stable-stringify@^1.0.1:
    version "1.0.1"
    resolved "https://registry.npm.taobao.org/json-stable-stringify/download/json-stable-stringify-1.0.1.tgz#9a759d39c5f2ff503fd5300646ed445f88c4f9af"
    integrity sha1-mnWdOcXy/1A/1TAGRu1EX4jE+a8=
    dependencies:
      jsonify "~0.0.0"
  
  jsonify@~0.0.0:
    version "0.0.0"
    resolved "https://registry.npm.taobao.org/jsonify/download/jsonify-0.0.0.tgz#2c74b6ee41d93ca51b7b5aaee8f503631d252a73"
    integrity sha1-LHS27kHZPKUbe1qu6PUDYx0lKnM=
  
  jsonpointer@^4.0.0:
    version "4.0.1"
    resolved "https://registry.npm.taobao.org/jsonpointer/download/jsonpointer-4.0.1.tgz#4fd92cb34e0e9db3c89c8622ecf51f9b978c6cb9"
    integrity sha1-T9kss04OnbPInIYi7PUfm5eMbLk=
  
  leven@^2.1.0:
    version "2.1.0"
    resolved "https://registry.npm.taobao.org/leven/download/leven-2.1.0.tgz#c2e7a9f772094dee9d34202ae8acce4687875580"
    integrity sha1-wuep93IJTe6dNCAq6KzORoeHVYA=
  
  levn@^0.3.0, levn@~0.3.0:
    version "0.3.0"
    resolved "https://registry.npm.taobao.org/levn/download/levn-0.3.0.tgz#3b09924edf9f083c0490fdd4c0bc4421e04764ee"
    integrity sha1-OwmSTt+fCDwEkP3UwLxEIeBHZO4=
    dependencies:
      prelude-ls "~1.1.2"
      type-check "~0.3.2"
  
  lin-ui@^0.6.13:
    version "0.6.13"
    resolved "https://registry.npm.taobao.org/lin-ui/download/lin-ui-0.6.13.tgz#f92f407d60067b5610553eebf190a1fbe56cfa7b"
    integrity sha1-+S9AfWAGe1YQVT7r8ZCh++Vs+ns=
  
  lint-staged@^6.0.0:
    version "6.1.1"
    resolved "https://registry.npm.taobao.org/lint-staged/download/lint-staged-6.1.1.tgz#cd08c4d9b8ccc2d37198d1c47ce77d22be6cf324"
    integrity sha1-zQjE2bjMwtNxmNHEfOd9Ir5s8yQ=
    dependencies:
      app-root-path "^2.0.0"
      chalk "^2.1.0"
      commander "^2.11.0"
      cosmiconfig "^4.0.0"
      debug "^3.1.0"
      dedent "^0.7.0"
      execa "^0.8.0"
      find-parent-dir "^0.3.0"
      is-glob "^4.0.0"
      jest-validate "^21.1.0"
      listr "^0.13.0"
      lodash "^4.17.4"
      log-symbols "^2.0.0"
      minimatch "^3.0.0"
      npm-which "^3.0.1"
      p-map "^1.1.1"
      path-is-inside "^1.0.2"
      pify "^3.0.0"
      staged-git-files "1.0.0"
      stringify-object "^3.2.0"
  
  listr-silent-renderer@^1.1.1:
    version "1.1.1"
    resolved "https://registry.npm.taobao.org/listr-silent-renderer/download/listr-silent-renderer-1.1.1.tgz#924b5a3757153770bf1a8e3fbf74b8bbf3f9242e"
    integrity sha1-kktaN1cVN3C/Go4/v3S4u/P5JC4=
  
  listr-update-renderer@^0.4.0:
    version "0.4.0"
    resolved "https://registry.npm.taobao.org/listr-update-renderer/download/listr-update-renderer-0.4.0.tgz?cache=0&sync_timestamp=1577780529278&other_urls=https%3A%2F%2Fregistry.npm.taobao.org%2Flistr-update-renderer%2Fdownload%2Flistr-update-renderer-0.4.0.tgz#344d980da2ca2e8b145ba305908f32ae3f4cc8a7"
    integrity sha1-NE2YDaLKLosUW6MFkI8yrj9MyKc=
    dependencies:
      chalk "^1.1.3"
      cli-truncate "^0.2.1"
      elegant-spinner "^1.0.1"
      figures "^1.7.0"
      indent-string "^3.0.0"
      log-symbols "^1.0.2"
      log-update "^1.0.2"
      strip-ansi "^3.0.1"
  
  listr-verbose-renderer@^0.4.0:
    version "0.4.1"
    resolved "https://registry.npm.taobao.org/listr-verbose-renderer/download/listr-verbose-renderer-0.4.1.tgz#8206f4cf6d52ddc5827e5fd14989e0e965933a35"
    integrity sha1-ggb0z21S3cWCfl/RSYng6WWTOjU=
    dependencies:
      chalk "^1.1.3"
      cli-cursor "^1.0.2"
      date-fns "^1.27.2"
      figures "^1.7.0"
  
  listr@^0.13.0:
    version "0.13.0"
    resolved "https://registry.npm.taobao.org/listr/download/listr-0.13.0.tgz#20bb0ba30bae660ee84cc0503df4be3d5623887d"
    integrity sha1-ILsLowuuZg7oTMBQPfS+PVYjiH0=
    dependencies:
      chalk "^1.1.3"
      cli-truncate "^0.2.1"
      figures "^1.7.0"
      indent-string "^2.1.0"
      is-observable "^0.2.0"
      is-promise "^2.1.0"
      is-stream "^1.1.0"
      listr-silent-renderer "^1.1.1"
      listr-update-renderer "^0.4.0"
      listr-verbose-renderer "^0.4.0"
      log-symbols "^1.0.2"
      log-update "^1.0.2"
      ora "^0.2.3"
      p-map "^1.1.1"
      rxjs "^5.4.2"
      stream-to-observable "^0.2.0"
      strip-ansi "^3.0.1"
  
  load-json-file@^2.0.0:
    version "2.0.0"
    resolved "https://registry.npm.taobao.org/load-json-file/download/load-json-file-2.0.0.tgz#7947e42149af80d696cbf797bcaabcfe1fe29ca8"
    integrity sha1-eUfkIUmvgNaWy/eXvKq8/h/inKg=
    dependencies:
      graceful-fs "^4.1.2"
      parse-json "^2.2.0"
      pify "^2.0.0"
      strip-bom "^3.0.0"
  
  locate-path@^2.0.0:
    version "2.0.0"
    resolved "https://registry.npm.taobao.org/locate-path/download/locate-path-2.0.0.tgz#2b568b265eec944c6d9c0de9c3dbbbca0354cd8e"
    integrity sha1-K1aLJl7slExtnA3pw9u7ygNUzY4=
    dependencies:
      p-locate "^2.0.0"
      path-exists "^3.0.0"
  
  lodash@^4.0.0, lodash@^4.17.4, lodash@^4.2.0, lodash@^4.3.0:
    version "4.17.15"
    resolved "https://registry.npm.taobao.org/lodash/download/lodash-4.17.15.tgz?cache=0&other_urls=https%3A%2F%2Fregistry.npm.taobao.org%2Flodash%2Fdownload%2Flodash-4.17.15.tgz#b447f6670a0455bbfeedd11392eff330ea097548"
    integrity sha1-tEf2ZwoEVbv+7dETku/zMOoJdUg=
  
  log-symbols@^1.0.2:
    version "1.0.2"
    resolved "https://registry.npm.taobao.org/log-symbols/download/log-symbols-1.0.2.tgz#376ff7b58ea3086a0f09facc74617eca501e1a18"
    integrity sha1-N2/3tY6jCGoPCfrMdGF+ylAeGhg=
    dependencies:
      chalk "^1.0.0"
  
  log-symbols@^2.0.0:
    version "2.2.0"
    resolved "https://registry.npm.taobao.org/log-symbols/download/log-symbols-2.2.0.tgz#5740e1c5d6f0dfda4ad9323b5332107ef6b4c40a"
    integrity sha1-V0Dhxdbw39pK2TI7UzIQfva0xAo=
    dependencies:
      chalk "^2.0.1"
  
  log-update@^1.0.2:
    version "1.0.2"
    resolved "https://registry.npm.taobao.org/log-update/download/log-update-1.0.2.tgz#19929f64c4093d2d2e7075a1dad8af59c296b8d1"
    integrity sha1-GZKfZMQJPS0ucHWh2tivWcKWuNE=
    dependencies:
      ansi-escapes "^1.0.0"
      cli-cursor "^1.0.2"
  
  loose-envify@^1.0.0:
    version "1.4.0"
    resolved "https://registry.npm.taobao.org/loose-envify/download/loose-envify-1.4.0.tgz#71ee51fa7be4caec1a63839f7e682d8132d30caf"
    integrity sha1-ce5R+nvkyuwaY4OffmgtgTLTDK8=
    dependencies:
      js-tokens "^3.0.0 || ^4.0.0"
  
  lru-cache@^4.0.1:
    version "4.1.5"
    resolved "https://registry.npm.taobao.org/lru-cache/download/lru-cache-4.1.5.tgz#8bbe50ea85bed59bc9e33dcab8235ee9bcf443cd"
    integrity sha1-i75Q6oW+1ZvJ4z3KuCNe6bz0Q80=
    dependencies:
      pseudomap "^1.0.2"
      yallist "^2.1.2"
  
  minimatch@^3.0.0, minimatch@^3.0.4:
    version "3.0.4"
    resolved "https://registry.npm.taobao.org/minimatch/download/minimatch-3.0.4.tgz#5166e286457f03306064be5497e8dbb0c3d32083"
    integrity sha1-UWbihkV/AzBgZL5Ul+jbsMPTIIM=
    dependencies:
      brace-expansion "^1.1.7"
  
  minimist@0.0.8:
    version "0.0.8"
    resolved "https://registry.npm.taobao.org/minimist/download/minimist-0.0.8.tgz#857fcabfc3397d2625b8228262e86aa7a011b05d"
    integrity sha1-hX/Kv8M5fSYluCKCYuhqp6ARsF0=
  
  mkdirp@^0.5.0, mkdirp@^0.5.1:
    version "0.5.1"
    resolved "https://registry.npm.taobao.org/mkdirp/download/mkdirp-0.5.1.tgz#30057438eac6cf7f8c4767f38648d6697d75c903"
    integrity sha1-MAV0OOrGz3+MR2fzhkjWaX11yQM=
    dependencies:
      minimist "0.0.8"
  
  ms@2.0.0:
    version "2.0.0"
    resolved "https://registry.npm.taobao.org/ms/download/ms-2.0.0.tgz#5608aeadfc00be6c2901df5f9861788de0d597c8"
    integrity sha1-VgiurfwAvmwpAd9fmGF4jeDVl8g=
  
  ms@^2.1.1:
    version "2.1.2"
    resolved "https://registry.npm.taobao.org/ms/download/ms-2.1.2.tgz#d09d1f357b443f493382a8eb3ccd183872ae6009"
    integrity sha1-0J0fNXtEP0kzgqjrPM0YOHKuYAk=
  
  mute-stream@0.0.5:
    version "0.0.5"
    resolved "https://registry.npm.taobao.org/mute-stream/download/mute-stream-0.0.5.tgz#8fbfabb0a98a253d3184331f9e8deb7372fac6c0"
    integrity sha1-j7+rsKmKJT0xhDMfno3rc3L6xsA=
  
  natural-compare@^1.4.0:
    version "1.4.0"
    resolved "https://registry.npm.taobao.org/natural-compare/download/natural-compare-1.4.0.tgz#4abebfeed7541f2c27acfb29bdbbd15c8d5ba4f7"
    integrity sha1-Sr6/7tdUHywnrPspvbvRXI1bpPc=
  
  next-tick@~1.0.0:
    version "1.0.0"
    resolved "https://registry.npm.taobao.org/next-tick/download/next-tick-1.0.0.tgz#ca86d1fe8828169b0120208e3dc8424b9db8342c"
    integrity sha1-yobR/ogoFpsBICCOPchCS524NCw=
  
  normalize-package-data@^2.3.2:
    version "2.5.0"
    resolved "https://registry.npm.taobao.org/normalize-package-data/download/normalize-package-data-2.5.0.tgz#e66db1838b200c1dfc233225d12cb36520e234a8"
    integrity sha1-5m2xg4sgDB38IzIl0SyzZSDiNKg=
    dependencies:
      hosted-git-info "^2.1.4"
      resolve "^1.10.0"
      semver "2 || 3 || 4 || 5"
      validate-npm-package-license "^3.0.1"
  
  npm-path@^2.0.2:
    version "2.0.4"
    resolved "https://registry.npm.taobao.org/npm-path/download/npm-path-2.0.4.tgz#c641347a5ff9d6a09e4d9bce5580c4f505278e64"
    integrity sha1-xkE0el/51qCeTZvOVYDE9QUnjmQ=
    dependencies:
      which "^1.2.10"
  
  npm-run-path@^2.0.0:
    version "2.0.2"
    resolved "https://registry.npm.taobao.org/npm-run-path/download/npm-run-path-2.0.2.tgz#35a9232dfa35d7067b4cb2ddf2357b1871536c5f"
    integrity sha1-NakjLfo11wZ7TLLd8jV7GHFTbF8=
    dependencies:
      path-key "^2.0.0"
  
  npm-which@^3.0.1:
    version "3.0.1"
    resolved "https://registry.npm.taobao.org/npm-which/download/npm-which-3.0.1.tgz#9225f26ec3a285c209cae67c3b11a6b4ab7140aa"
    integrity sha1-kiXybsOihcIJyuZ8OxGmtKtxQKo=
    dependencies:
      commander "^2.9.0"
      npm-path "^2.0.2"
      which "^1.2.10"
  
  number-is-nan@^1.0.0:
    version "1.0.1"
    resolved "https://registry.npm.taobao.org/number-is-nan/download/number-is-nan-1.0.1.tgz#097b602b53422a522c1afb8790318336941a011d"
    integrity sha1-CXtgK1NCKlIsGvuHkDGDNpQaAR0=
  
  object-assign@^4.0.1, object-assign@^4.1.0:
    version "4.1.1"
    resolved "https://registry.npm.taobao.org/object-assign/download/object-assign-4.1.1.tgz#2109adc7965887cfc05cbbd442cac8bfbb360863"
    integrity sha1-IQmtx5ZYh8/AXLvUQsrIv7s2CGM=
  
  object-inspect@^1.7.0:
    version "1.7.0"
    resolved "https://registry.npm.taobao.org/object-inspect/download/object-inspect-1.7.0.tgz?cache=0&sync_timestamp=1573451929207&other_urls=https%3A%2F%2Fregistry.npm.taobao.org%2Fobject-inspect%2Fdownload%2Fobject-inspect-1.7.0.tgz#f4f6bd181ad77f006b5ece60bd0b6f398ff74a67"
    integrity sha1-9Pa9GBrXfwBrXs5gvQtvOY/3Smc=
  
  object-keys@^1.0.11, object-keys@^1.0.12, object-keys@^1.1.1:
    version "1.1.1"
    resolved "https://registry.npm.taobao.org/object-keys/download/object-keys-1.1.1.tgz#1c47f272df277f3b1daf061677d9c82e2322c60e"
    integrity sha1-HEfyct8nfzsdrwYWd9nILiMixg4=
  
  object.assign@^4.1.0:
    version "4.1.0"
    resolved "https://registry.npm.taobao.org/object.assign/download/object.assign-4.1.0.tgz#968bf1100d7956bb3ca086f006f846b3bc4008da"
    integrity sha1-lovxEA15Vrs8oIbwBvhGs7xACNo=
    dependencies:
      define-properties "^1.1.2"
      function-bind "^1.1.1"
      has-symbols "^1.0.0"
      object-keys "^1.0.11"
  
  object.values@^1.1.0:
    version "1.1.1"
    resolved "https://registry.npm.taobao.org/object.values/download/object.values-1.1.1.tgz#68a99ecde356b7e9295a3c5e0ce31dc8c953de5e"
    integrity sha1-aKmezeNWt+kpWjxeDOMdyMlT3l4=
    dependencies:
      define-properties "^1.1.3"
      es-abstract "^1.17.0-next.1"
      function-bind "^1.1.1"
      has "^1.0.3"
  
  once@^1.3.0:
    version "1.4.0"
    resolved "https://registry.npm.taobao.org/once/download/once-1.4.0.tgz#583b1aa775961d4b113ac17d9c50baef9dd76bd1"
    integrity sha1-WDsap3WWHUsROsF9nFC6753Xa9E=
    dependencies:
      wrappy "1"
  
  onetime@^1.0.0:
    version "1.1.0"
    resolved "https://registry.npm.taobao.org/onetime/download/onetime-1.1.0.tgz#a1f7838f8314c516f05ecefcbc4ccfe04b4ed789"
    integrity sha1-ofeDj4MUxRbwXs78vEzP4EtO14k=
  
  optionator@^0.8.2:
    version "0.8.3"
    resolved "https://registry.npm.taobao.org/optionator/download/optionator-0.8.3.tgz#84fa1d036fe9d3c7e21d99884b601167ec8fb495"
    integrity sha1-hPodA2/p08fiHZmIS2ARZ+yPtJU=
    dependencies:
      deep-is "~0.1.3"
      fast-levenshtein "~2.0.6"
      levn "~0.3.0"
      prelude-ls "~1.1.2"
      type-check "~0.3.2"
      word-wrap "~1.2.3"
  
  ora@^0.2.3:
    version "0.2.3"
    resolved "https://registry.npm.taobao.org/ora/download/ora-0.2.3.tgz?cache=0&sync_timestamp=1573641074639&other_urls=https%3A%2F%2Fregistry.npm.taobao.org%2Fora%2Fdownload%2Fora-0.2.3.tgz#37527d220adcd53c39b73571d754156d5db657a4"
    integrity sha1-N1J9Igrc1Tw5tzVx11QVbV22V6Q=
    dependencies:
      chalk "^1.1.1"
      cli-cursor "^1.0.2"
      cli-spinners "^0.1.2"
      object-assign "^4.0.1"
  
  os-homedir@^1.0.0:
    version "1.0.2"
    resolved "https://registry.npm.taobao.org/os-homedir/download/os-homedir-1.0.2.tgz#ffbc4988336e0e833de0c168c7ef152121aa7fb3"
    integrity sha1-/7xJiDNuDoM94MFox+8VISGqf7M=
  
  p-finally@^1.0.0:
    version "1.0.0"
    resolved "https://registry.npm.taobao.org/p-finally/download/p-finally-1.0.0.tgz#3fbcfb15b899a44123b34b6dcc18b724336a2cae"
    integrity sha1-P7z7FbiZpEEjs0ttzBi3JDNqLK4=
  
  p-limit@^1.1.0:
    version "1.3.0"
    resolved "https://registry.npm.taobao.org/p-limit/download/p-limit-1.3.0.tgz#b86bd5f0c25690911c7590fcbfc2010d54b3ccb8"
    integrity sha1-uGvV8MJWkJEcdZD8v8IBDVSzzLg=
    dependencies:
      p-try "^1.0.0"
  
  p-locate@^2.0.0:
    version "2.0.0"
    resolved "https://registry.npm.taobao.org/p-locate/download/p-locate-2.0.0.tgz#20a0103b222a70c8fd39cc2e580680f3dde5ec43"
    integrity sha1-IKAQOyIqcMj9OcwuWAaA893l7EM=
    dependencies:
      p-limit "^1.1.0"
  
  p-map@^1.1.1:
    version "1.2.0"
    resolved "https://registry.npm.taobao.org/p-map/download/p-map-1.2.0.tgz#e4e94f311eabbc8633a1e79908165fca26241b6b"
    integrity sha1-5OlPMR6rvIYzoeeZCBZfyiYkG2s=
  
  p-try@^1.0.0:
    version "1.0.0"
    resolved "https://registry.npm.taobao.org/p-try/download/p-try-1.0.0.tgz#cbc79cdbaf8fd4228e13f621f2b1a237c1b207b3"
    integrity sha1-y8ec26+P1CKOE/Yh8rGiN8GyB7M=
  
  parse-json@^2.2.0:
    version "2.2.0"
    resolved "https://registry.npm.taobao.org/parse-json/download/parse-json-2.2.0.tgz#f480f40434ef80741f8469099f8dea18f55a4dc9"
    integrity sha1-9ID0BDTvgHQfhGkJn43qGPVaTck=
    dependencies:
      error-ex "^1.2.0"
  
  parse-json@^4.0.0:
    version "4.0.0"
    resolved "https://registry.npm.taobao.org/parse-json/download/parse-json-4.0.0.tgz#be35f5425be1f7f6c747184f98a788cb99477ee0"
    integrity sha1-vjX1Qlvh9/bHRxhPmKeIy5lHfuA=
    dependencies:
      error-ex "^1.3.1"
      json-parse-better-errors "^1.0.1"
  
  path-exists@^3.0.0:
    version "3.0.0"
    resolved "https://registry.npm.taobao.org/path-exists/download/path-exists-3.0.0.tgz#ce0ebeaa5f78cb18925ea7d810d7b59b010fd515"
    integrity sha1-zg6+ql94yxiSXqfYENe1mwEP1RU=
  
  path-is-absolute@^1.0.0:
    version "1.0.1"
    resolved "https://registry.npm.taobao.org/path-is-absolute/download/path-is-absolute-1.0.1.tgz#174b9268735534ffbc7ace6bf53a5a9e1b5c5f5f"
    integrity sha1-F0uSaHNVNP+8es5r9TpanhtcX18=
  
  path-is-inside@^1.0.1, path-is-inside@^1.0.2:
    version "1.0.2"
    resolved "https://registry.npm.taobao.org/path-is-inside/download/path-is-inside-1.0.2.tgz#365417dede44430d1c11af61027facf074bdfc53"
    integrity sha1-NlQX3t5EQw0cEa9hAn+s8HS9/FM=
  
  path-key@^2.0.0:
    version "2.0.1"
    resolved "https://registry.npm.taobao.org/path-key/download/path-key-2.0.1.tgz#411cadb574c5a140d3a4b1910d40d80cc9f40b40"
    integrity sha1-QRyttXTFoUDTpLGRDUDYDMn0C0A=
  
  path-parse@^1.0.6:
    version "1.0.6"
    resolved "https://registry.npm.taobao.org/path-parse/download/path-parse-1.0.6.tgz#d62dbb5679405d72c4737ec58600e9ddcf06d24c"
    integrity sha1-1i27VnlAXXLEc37FhgDp3c8G0kw=
  
  path-type@^2.0.0:
    version "2.0.0"
    resolved "https://registry.npm.taobao.org/path-type/download/path-type-2.0.0.tgz#f012ccb8415b7096fc2daa1054c3d72389594c73"
    integrity sha1-8BLMuEFbcJb8LaoQVMPXI4lZTHM=
    dependencies:
      pify "^2.0.0"
  
  pify@^2.0.0:
    version "2.3.0"
    resolved "https://registry.npm.taobao.org/pify/download/pify-2.3.0.tgz#ed141a6ac043a849ea588498e7dca8b15330e90c"
    integrity sha1-7RQaasBDqEnqWISY59yosVMw6Qw=
  
  pify@^3.0.0:
    version "3.0.0"
    resolved "https://registry.npm.taobao.org/pify/download/pify-3.0.0.tgz#e5a4acd2c101fdf3d9a4d07f0dbc4db49dd28176"
    integrity sha1-5aSs0sEB/fPZpNB/DbxNtJ3SgXY=
  
  pkg-dir@^2.0.0:
    version "2.0.0"
    resolved "https://registry.npm.taobao.org/pkg-dir/download/pkg-dir-2.0.0.tgz#f6d5d1109e19d63edf428e0bd57e12777615334b"
    integrity sha1-9tXREJ4Z1j7fQo4L1X4Sd3YVM0s=
    dependencies:
      find-up "^2.1.0"
  
  pluralize@^1.2.1:
    version "1.2.1"
    resolved "https://registry.npm.taobao.org/pluralize/download/pluralize-1.2.1.tgz#d1a21483fd22bb41e58a12fa3421823140897c45"
    integrity sha1-0aIUg/0iu0HlihL6NCGCMUCJfEU=
  
  prelude-ls@~1.1.2:
    version "1.1.2"
    resolved "https://registry.npm.taobao.org/prelude-ls/download/prelude-ls-1.1.2.tgz#21932a549f5e52ffd9a827f570e04be62a97da54"
    integrity sha1-IZMqVJ9eUv/ZqCf1cOBL5iqX2lQ=
  
  prettier@^1.8.2:
    version "1.19.1"
    resolved "https://registry.npm.taobao.org/prettier/download/prettier-1.19.1.tgz#f7d7f5ff8a9cd872a7be4ca142095956a60797cb"
    integrity sha1-99f1/4qc2HKnvkyhQglZVqYHl8s=
  
  pretty-format@^21.2.1:
    version "21.2.1"
    resolved "https://registry.npm.taobao.org/pretty-format/download/pretty-format-21.2.1.tgz#ae5407f3cf21066cd011aa1ba5fce7b6a2eddb36"
    integrity sha1-rlQH888hBmzQEaobpfzntqLt2zY=
    dependencies:
      ansi-regex "^3.0.0"
      ansi-styles "^3.2.0"
  
  process-nextick-args@~2.0.0:
    version "2.0.1"
    resolved "https://registry.npm.taobao.org/process-nextick-args/download/process-nextick-args-2.0.1.tgz#7820d9b16120cc55ca9ae7792680ae7dba6d7fe2"
    integrity sha1-eCDZsWEgzFXKmud5JoCufbptf+I=
  
  progress@^1.1.8:
    version "1.1.8"
    resolved "https://registry.npm.taobao.org/progress/download/progress-1.1.8.tgz#e260c78f6161cdd9b0e56cc3e0a85de17c7a57be"
    integrity sha1-4mDHj2Fhzdmw5WzD4Khd4Xx6V74=
  
  pseudomap@^1.0.2:
    version "1.0.2"
    resolved "https://registry.npm.taobao.org/pseudomap/download/pseudomap-1.0.2.tgz#f052a28da70e618917ef0a8ac34c1ae5a68286b3"
    integrity sha1-8FKijacOYYkX7wqKw0wa5aaChrM=
  
  read-pkg-up@^2.0.0:
    version "2.0.0"
    resolved "https://registry.npm.taobao.org/read-pkg-up/download/read-pkg-up-2.0.0.tgz#6b72a8048984e0c41e79510fd5e9fa99b3b549be"
    integrity sha1-a3KoBImE4MQeeVEP1en6mbO1Sb4=
    dependencies:
      find-up "^2.0.0"
      read-pkg "^2.0.0"
  
  read-pkg@^2.0.0:
    version "2.0.0"
    resolved "https://registry.npm.taobao.org/read-pkg/download/read-pkg-2.0.0.tgz#8ef1c0623c6a6db0dc6713c4bfac46332b2368f8"
    integrity sha1-jvHAYjxqbbDcZxPEv6xGMysjaPg=
    dependencies:
      load-json-file "^2.0.0"
      normalize-package-data "^2.3.2"
      path-type "^2.0.0"
  
  readable-stream@^2.2.2:
    version "2.3.7"
    resolved "https://registry.npm.taobao.org/readable-stream/download/readable-stream-2.3.7.tgz?cache=0&sync_timestamp=1578244574305&other_urls=https%3A%2F%2Fregistry.npm.taobao.org%2Freadable-stream%2Fdownload%2Freadable-stream-2.3.7.tgz#1eca1cf711aef814c04f62252a36a62f6cb23b57"
    integrity sha1-Hsoc9xGu+BTAT2IlKjamL2yyO1c=
    dependencies:
      core-util-is "~1.0.0"
      inherits "~2.0.3"
      isarray "~1.0.0"
      process-nextick-args "~2.0.0"
      safe-buffer "~5.1.1"
      string_decoder "~1.1.1"
      util-deprecate "~1.0.1"
  
  readline2@^1.0.1:
    version "1.0.1"
    resolved "https://registry.npm.taobao.org/readline2/download/readline2-1.0.1.tgz#41059608ffc154757b715d9989d199ffbf372e35"
    integrity sha1-QQWWCP/BVHV7cV2ZidGZ/783LjU=
    dependencies:
      code-point-at "^1.0.0"
      is-fullwidth-code-point "^1.0.0"
      mute-stream "0.0.5"
  
  rechoir@^0.6.2:
    version "0.6.2"
    resolved "https://registry.npm.taobao.org/rechoir/download/rechoir-0.6.2.tgz#85204b54dba82d5742e28c96756ef43af50e3384"
    integrity sha1-hSBLVNuoLVdC4oyWdW70OvUOM4Q=
    dependencies:
      resolve "^1.1.6"
  
  repeating@^2.0.0:
    version "2.0.1"
    resolved "https://registry.npm.taobao.org/repeating/download/repeating-2.0.1.tgz#5214c53a926d3552707527fbab415dbc08d06dda"
    integrity sha1-UhTFOpJtNVJwdSf7q0FdvAjQbdo=
    dependencies:
      is-finite "^1.0.0"
  
  require-from-string@^2.0.1:
    version "2.0.2"
    resolved "https://registry.npm.taobao.org/require-from-string/download/require-from-string-2.0.2.tgz#89a7fdd938261267318eafe14f9c32e598c36909"
    integrity sha1-iaf92TgmEmcxjq/hT5wy5ZjDaQk=
  
  require-uncached@^1.0.2:
    version "1.0.3"
    resolved "https://registry.npm.taobao.org/require-uncached/download/require-uncached-1.0.3.tgz#4e0d56d6c9662fd31e43011c4b95aa49955421d3"
    integrity sha1-Tg1W1slmL9MeQwEcS5WqSZVUIdM=
    dependencies:
      caller-path "^0.1.0"
      resolve-from "^1.0.0"
  
  resolve-from@^1.0.0:
    version "1.0.1"
    resolved "https://registry.npm.taobao.org/resolve-from/download/resolve-from-1.0.1.tgz#26cbfe935d1aeeeabb29bc3fe5aeb01e93d44226"
    integrity sha1-Jsv+k10a7uq7Kbw/5a6wHpPUQiY=
  
  resolve@^1.1.6, resolve@^1.10.0, resolve@^1.12.0, resolve@^1.5.0:
    version "1.14.2"
    resolved "https://registry.npm.taobao.org/resolve/download/resolve-1.14.2.tgz?cache=0&other_urls=https%3A%2F%2Fregistry.npm.taobao.org%2Fresolve%2Fdownload%2Fresolve-1.14.2.tgz#dbf31d0fa98b1f29aa5169783b9c290cb865fea2"
    integrity sha1-2/MdD6mLHymqUWl4O5wpDLhl/qI=
    dependencies:
      path-parse "^1.0.6"
  
  restore-cursor@^1.0.1:
    version "1.0.1"
    resolved "https://registry.npm.taobao.org/restore-cursor/download/restore-cursor-1.0.1.tgz#34661f46886327fed2991479152252df92daa541"
    integrity sha1-NGYfRohjJ/7SmRR5FSJS35LapUE=
    dependencies:
      exit-hook "^1.0.0"
      onetime "^1.0.0"
  
  rimraf@~2.6.2:
    version "2.6.3"
    resolved "https://registry.npm.taobao.org/rimraf/download/rimraf-2.6.3.tgz#b2d104fe0d8fb27cf9e0a1cda8262dd3833c6cab"
    integrity sha1-stEE/g2Psnz54KHNqCYt04M8bKs=
    dependencies:
      glob "^7.1.3"
  
  run-async@^0.1.0:
    version "0.1.0"
    resolved "https://registry.npm.taobao.org/run-async/download/run-async-0.1.0.tgz#c8ad4a5e110661e402a7d21b530e009f25f8e389"
    integrity sha1-yK1KXhEGYeQCp9IbUw4AnyX444k=
    dependencies:
      once "^1.3.0"
  
  rx-lite@^3.1.2:
    version "3.1.2"
    resolved "https://registry.npm.taobao.org/rx-lite/download/rx-lite-3.1.2.tgz#19ce502ca572665f3b647b10939f97fd1615f102"
    integrity sha1-Gc5QLKVyZl87ZHsQk5+X/RYV8QI=
  
  rxjs@^5.4.2:
    version "5.5.12"
    resolved "https://registry.npm.taobao.org/rxjs/download/rxjs-5.5.12.tgz#6fa61b8a77c3d793dbaf270bee2f43f652d741cc"
    integrity sha1-b6YbinfD15PbrycL7i9D9lLXQcw=
    dependencies:
      symbol-observable "1.0.1"
  
  safe-buffer@~5.1.0, safe-buffer@~5.1.1:
    version "5.1.2"
    resolved "https://registry.npm.taobao.org/safe-buffer/download/safe-buffer-5.1.2.tgz#991ec69d296e0313747d59bdfd2b745c35f8828d"
    integrity sha1-mR7GnSluAxN0fVm9/St0XDX4go0=
  
  "semver@2 || 3 || 4 || 5":
    version "5.7.1"
    resolved "https://registry.npm.taobao.org/semver/download/semver-5.7.1.tgz#a954f931aeba508d307bbf069eff0c01c96116f7"
    integrity sha1-qVT5Ma66UI0we78Gnv8MAclhFvc=
  
  shebang-command@^1.2.0:
    version "1.2.0"
    resolved "https://registry.npm.taobao.org/shebang-command/download/shebang-command-1.2.0.tgz#44aac65b695b03398968c39f363fee5deafdf1ea"
    integrity sha1-RKrGW2lbAzmJaMOfNj/uXer98eo=
    dependencies:
      shebang-regex "^1.0.0"
  
  shebang-regex@^1.0.0:
    version "1.0.0"
    resolved "https://registry.npm.taobao.org/shebang-regex/download/shebang-regex-1.0.0.tgz#da42f49740c0b42db2ca9728571cb190c98efea3"
    integrity sha1-2kL0l0DAtC2yypcoVxyxkMmO/qM=
  
  shelljs@^0.7.5:
    version "0.7.8"
    resolved "https://registry.npm.taobao.org/shelljs/download/shelljs-0.7.8.tgz#decbcf874b0d1e5fb72e14b164a9683048e9acb3"
    integrity sha1-3svPh0sNHl+3LhSxZKloMEjprLM=
    dependencies:
      glob "^7.0.0"
      interpret "^1.0.0"
      rechoir "^0.6.2"
  
  signal-exit@^3.0.0:
    version "3.0.2"
    resolved "https://registry.npm.taobao.org/signal-exit/download/signal-exit-3.0.2.tgz#b5fdc08f1287ea1178628e415e25132b73646c6d"
    integrity sha1-tf3AjxKH6hF4Yo5BXiUTK3NkbG0=
  
  slice-ansi@0.0.4:
    version "0.0.4"
    resolved "https://registry.npm.taobao.org/slice-ansi/download/slice-ansi-0.0.4.tgz#edbf8903f66f7ce2f8eafd6ceed65e264c831b35"
    integrity sha1-7b+JA/ZvfOL46v1s7tZeJkyDGzU=
  
  source-map@^0.5.0:
    version "0.5.7"
    resolved "https://registry.npm.taobao.org/source-map/download/source-map-0.5.7.tgz#8a039d2d1021d22d1ea14c80d8ea468ba2ef3fcc"
    integrity sha1-igOdLRAh0i0eoUyA2OpGi6LvP8w=
  
  spdx-correct@^3.0.0:
    version "3.1.0"
    resolved "https://registry.npm.taobao.org/spdx-correct/download/spdx-correct-3.1.0.tgz#fb83e504445268f154b074e218c87c003cd31df4"
    integrity sha1-+4PlBERSaPFUsHTiGMh8ADzTHfQ=
    dependencies:
      spdx-expression-parse "^3.0.0"
      spdx-license-ids "^3.0.0"
  
  spdx-exceptions@^2.1.0:
    version "2.2.0"
    resolved "https://registry.npm.taobao.org/spdx-exceptions/download/spdx-exceptions-2.2.0.tgz#2ea450aee74f2a89bfb94519c07fcd6f41322977"
    integrity sha1-LqRQrudPKom/uUUZwH/Nb0EyKXc=
  
  spdx-expression-parse@^3.0.0:
    version "3.0.0"
    resolved "https://registry.npm.taobao.org/spdx-expression-parse/download/spdx-expression-parse-3.0.0.tgz#99e119b7a5da00e05491c9fa338b7904823b41d0"
    integrity sha1-meEZt6XaAOBUkcn6M4t5BII7QdA=
    dependencies:
      spdx-exceptions "^2.1.0"
      spdx-license-ids "^3.0.0"
  
  spdx-license-ids@^3.0.0:
    version "3.0.5"
    resolved "https://registry.npm.taobao.org/spdx-license-ids/download/spdx-license-ids-3.0.5.tgz#3694b5804567a458d3c8045842a6358632f62654"
    integrity sha1-NpS1gEVnpFjTyARYQqY1hjL2JlQ=
  
  sprintf-js@~1.0.2:
    version "1.0.3"
    resolved "https://registry.npm.taobao.org/sprintf-js/download/sprintf-js-1.0.3.tgz#04e6926f662895354f3dd015203633b857297e2c"
    integrity sha1-BOaSb2YolTVPPdAVIDYzuFcpfiw=
  
  staged-git-files@1.0.0:
    version "1.0.0"
    resolved "https://registry.npm.taobao.org/staged-git-files/download/staged-git-files-1.0.0.tgz#cdb847837c1fcc52c08a872d4883cc0877668a80"
    integrity sha1-zbhHg3wfzFLAioctSIPMCHdmioA=
  
  stream-to-observable@^0.2.0:
    version "0.2.0"
    resolved "https://registry.npm.taobao.org/stream-to-observable/download/stream-to-observable-0.2.0.tgz#59d6ea393d87c2c0ddac10aa0d561bc6ba6f0e10"
    integrity sha1-WdbqOT2HwsDdrBCqDVYbxrpvDhA=
    dependencies:
      any-observable "^0.2.0"
  
  string-width@^1.0.1:
    version "1.0.2"
    resolved "https://registry.npm.taobao.org/string-width/download/string-width-1.0.2.tgz#118bdf5b8cdc51a2a7e70d211e07e2b0b9b107d3"
    integrity sha1-EYvfW4zcUaKn5w0hHgfisLmxB9M=
    dependencies:
      code-point-at "^1.0.0"
      is-fullwidth-code-point "^1.0.0"
      strip-ansi "^3.0.0"
  
  string-width@^2.0.0:
    version "2.1.1"
    resolved "https://registry.npm.taobao.org/string-width/download/string-width-2.1.1.tgz#ab93f27a8dc13d28cac815c462143a6d9012ae9e"
    integrity sha1-q5Pyeo3BPSjKyBXEYhQ6bZASrp4=
    dependencies:
      is-fullwidth-code-point "^2.0.0"
      strip-ansi "^4.0.0"
  
  string.prototype.trimleft@^2.1.1:
    version "2.1.1"
    resolved "https://registry.npm.taobao.org/string.prototype.trimleft/download/string.prototype.trimleft-2.1.1.tgz#9bdb8ac6abd6d602b17a4ed321870d2f8dcefc74"
    integrity sha1-m9uKxqvW1gKxek7TIYcNL43O/HQ=
    dependencies:
      define-properties "^1.1.3"
      function-bind "^1.1.1"
  
  string.prototype.trimright@^2.1.1:
    version "2.1.1"
    resolved "https://registry.npm.taobao.org/string.prototype.trimright/download/string.prototype.trimright-2.1.1.tgz#440314b15996c866ce8a0341894d45186200c5d9"
    integrity sha1-RAMUsVmWyGbOigNBiU1FGGIAxdk=
    dependencies:
      define-properties "^1.1.3"
      function-bind "^1.1.1"
  
  string_decoder@~1.1.1:
    version "1.1.1"
    resolved "https://registry.npm.taobao.org/string_decoder/download/string_decoder-1.1.1.tgz#9cf1611ba62685d7030ae9e4ba34149c3af03fc8"
    integrity sha1-nPFhG6YmhdcDCunkujQUnDrwP8g=
    dependencies:
      safe-buffer "~5.1.0"
  
  stringify-object@^3.2.0:
    version "3.3.0"
    resolved "https://registry.npm.taobao.org/stringify-object/download/stringify-object-3.3.0.tgz#703065aefca19300d3ce88af4f5b3956d7556629"
    integrity sha1-cDBlrvyhkwDTzoivT1s5VtdVZik=
    dependencies:
      get-own-enumerable-property-symbols "^3.0.0"
      is-obj "^1.0.1"
      is-regexp "^1.0.0"
  
  strip-ansi@^3.0.0, strip-ansi@^3.0.1:
    version "3.0.1"
    resolved "https://registry.npm.taobao.org/strip-ansi/download/strip-ansi-3.0.1.tgz?cache=0&sync_timestamp=1573280518303&other_urls=https%3A%2F%2Fregistry.npm.taobao.org%2Fstrip-ansi%2Fdownload%2Fstrip-ansi-3.0.1.tgz#6a385fb8853d952d5ff05d0e8aaf94278dc63dcf"
    integrity sha1-ajhfuIU9lS1f8F0Oiq+UJ43GPc8=
    dependencies:
      ansi-regex "^2.0.0"
  
  strip-ansi@^4.0.0:
    version "4.0.0"
    resolved "https://registry.npm.taobao.org/strip-ansi/download/strip-ansi-4.0.0.tgz?cache=0&sync_timestamp=1573280518303&other_urls=https%3A%2F%2Fregistry.npm.taobao.org%2Fstrip-ansi%2Fdownload%2Fstrip-ansi-4.0.0.tgz#a8479022eb1ac368a871389b635262c505ee368f"
    integrity sha1-qEeQIusaw2iocTibY1JixQXuNo8=
    dependencies:
      ansi-regex "^3.0.0"
  
  strip-bom@^3.0.0:
    version "3.0.0"
    resolved "https://registry.npm.taobao.org/strip-bom/download/strip-bom-3.0.0.tgz#2334c18e9c759f7bdd56fdef7e9ae3d588e68ed3"
    integrity sha1-IzTBjpx1n3vdVv3vfprj1YjmjtM=
  
  strip-eof@^1.0.0:
    version "1.0.0"
    resolved "https://registry.npm.taobao.org/strip-eof/download/strip-eof-1.0.0.tgz#bb43ff5598a6eb05d89b59fcd129c983313606bf"
    integrity sha1-u0P/VZim6wXYm1n80SnJgzE2Br8=
  
  strip-json-comments@~2.0.1:
    version "2.0.1"
    resolved "https://registry.npm.taobao.org/strip-json-comments/download/strip-json-comments-2.0.1.tgz#3c531942e908c2697c0ec344858c286c7ca0a60a"
    integrity sha1-PFMZQukIwml8DsNEhYwobHygpgo=
  
  supports-color@^2.0.0:
    version "2.0.0"
    resolved "https://registry.npm.taobao.org/supports-color/download/supports-color-2.0.0.tgz?cache=0&sync_timestamp=1569558060145&other_urls=https%3A%2F%2Fregistry.npm.taobao.org%2Fsupports-color%2Fdownload%2Fsupports-color-2.0.0.tgz#535d045ce6b6363fa40117084629995e9df324c7"
    integrity sha1-U10EXOa2Nj+kARcIRimZXp3zJMc=
  
  supports-color@^5.3.0:
    version "5.5.0"
    resolved "https://registry.npm.taobao.org/supports-color/download/supports-color-5.5.0.tgz?cache=0&sync_timestamp=1569558060145&other_urls=https%3A%2F%2Fregistry.npm.taobao.org%2Fsupports-color%2Fdownload%2Fsupports-color-5.5.0.tgz#e2e69a44ac8772f78a1ec0b35b689df6530efc8f"
    integrity sha1-4uaaRKyHcveKHsCzW2id9lMO/I8=
    dependencies:
      has-flag "^3.0.0"
  
  symbol-observable@1.0.1:
    version "1.0.1"
    resolved "https://registry.npm.taobao.org/symbol-observable/download/symbol-observable-1.0.1.tgz#8340fc4702c3122df5d22288f88283f513d3fdd4"
    integrity sha1-g0D8RwLDEi310iKI+IKD9RPT/dQ=
  
  symbol-observable@^0.2.2:
    version "0.2.4"
    resolved "https://registry.npm.taobao.org/symbol-observable/download/symbol-observable-0.2.4.tgz#95a83db26186d6af7e7a18dbd9760a2f86d08f40"
    integrity sha1-lag9smGG1q9+ehjb2XYKL4bQj0A=
  
  table@^3.7.8:
    version "3.8.3"
    resolved "https://registry.npm.taobao.org/table/download/table-3.8.3.tgz#2bbc542f0fda9861a755d3947fefd8b3f513855f"
    integrity sha1-K7xULw/amGGnVdOUf+/Ys/UThV8=
    dependencies:
      ajv "^4.7.0"
      ajv-keywords "^1.0.0"
      chalk "^1.1.1"
      lodash "^4.0.0"
      slice-ansi "0.0.4"
      string-width "^2.0.0"
  
  text-table@~0.2.0:
    version "0.2.0"
    resolved "https://registry.npm.taobao.org/text-table/download/text-table-0.2.0.tgz#7f5ee823ae805207c00af2df4a84ec3fcfa570b4"
    integrity sha1-f17oI66AUgfACvLfSoTsP8+lcLQ=
  
  through@^2.3.6:
    version "2.3.8"
    resolved "https://registry.npm.taobao.org/through/download/through-2.3.8.tgz#0dd4c9ffaabc357960b1b724115d7e0e86a2e1f5"
    integrity sha1-DdTJ/6q8NXlgsbckEV1+Doai4fU=
  
  to-fast-properties@^2.0.0:
    version "2.0.0"
    resolved "https://registry.npm.taobao.org/to-fast-properties/download/to-fast-properties-2.0.0.tgz#dc5e698cbd079265bc73e0377681a4e4e83f616e"
    integrity sha1-3F5pjL0HkmW8c+A3doGk5Og/YW4=
  
  trim-right@^1.0.1:
    version "1.0.1"
    resolved "https://registry.npm.taobao.org/trim-right/download/trim-right-1.0.1.tgz#cb2e1203067e0c8de1f614094b9fe45704ea6003"
    integrity sha1-yy4SAwZ+DI3h9hQJS5/kVwTqYAM=
  
  type-check@~0.3.2:
    version "0.3.2"
    resolved "https://registry.npm.taobao.org/type-check/download/type-check-0.3.2.tgz#5884cab512cf1d355e3fb784f30804b2b520db72"
    integrity sha1-WITKtRLPHTVeP7eE8wgEsrUg23I=
    dependencies:
      prelude-ls "~1.1.2"
  
  type@^1.0.1:
    version "1.2.0"
    resolved "https://registry.npm.taobao.org/type/download/type-1.2.0.tgz#848dd7698dafa3e54a6c479e759c4bc3f18847a0"
    integrity sha1-hI3XaY2vo+VKbEeedZxLw/GIR6A=
  
  type@^2.0.0:
    version "2.0.0"
    resolved "https://registry.npm.taobao.org/type/download/type-2.0.0.tgz#5f16ff6ef2eb44f260494dae271033b29c09a9c3"
    integrity sha1-Xxb/bvLrRPJgSU2uJxAzspwJqcM=
  
  typedarray@^0.0.6:
    version "0.0.6"
    resolved "https://registry.npm.taobao.org/typedarray/download/typedarray-0.0.6.tgz#867ac74e3864187b1d3d47d996a78ec5c8830777"
    integrity sha1-hnrHTjhkGHsdPUfZlqeOxciDB3c=
  
  user-home@^2.0.0:
    version "2.0.0"
    resolved "https://registry.npm.taobao.org/user-home/download/user-home-2.0.0.tgz#9c70bfd8169bc1dcbf48604e0f04b8b49cde9e9f"
    integrity sha1-nHC/2Babwdy/SGBODwS4tJzenp8=
    dependencies:
      os-homedir "^1.0.0"
  
  util-deprecate@~1.0.1:
    version "1.0.2"
    resolved "https://registry.npm.taobao.org/util-deprecate/download/util-deprecate-1.0.2.tgz#450d4dc9fa70de732762fbd2d4a28981419a0ccf"
    integrity sha1-RQ1Nyfpw3nMnYvvS1KKJgUGaDM8=
  
  validate-npm-package-license@^3.0.1:
    version "3.0.4"
    resolved "https://registry.npm.taobao.org/validate-npm-package-license/download/validate-npm-package-license-3.0.4.tgz#fc91f6b9c7ba15c857f4cb2c5defeec39d4f410a"
    integrity sha1-/JH2uce6FchX9MssXe/uw51PQQo=
    dependencies:
      spdx-correct "^3.0.0"
      spdx-expression-parse "^3.0.0"
  
  which@^1.2.10, which@^1.2.9:
    version "1.3.1"
    resolved "https://registry.npm.taobao.org/which/download/which-1.3.1.tgz?cache=0&sync_timestamp=1574116230888&other_urls=https%3A%2F%2Fregistry.npm.taobao.org%2Fwhich%2Fdownload%2Fwhich-1.3.1.tgz#a45043d54f5805316da8d62f9f50918d3da70b0a"
    integrity sha1-pFBD1U9YBTFtqNYvn1CRjT2nCwo=
    dependencies:
      isexe "^2.0.0"
  
  word-wrap@~1.2.3:
    version "1.2.3"
    resolved "https://registry.npm.taobao.org/word-wrap/download/word-wrap-1.2.3.tgz#610636f6b1f703891bd34771ccb17fb93b47079c"
    integrity sha1-YQY29rH3A4kb00dxzLF/uTtHB5w=
  
  wrappy@1:
    version "1.0.2"
    resolved "https://registry.npm.taobao.org/wrappy/download/wrappy-1.0.2.tgz#b5243d8f3ec1aa35f1364605bc0d1036e30ab69f"
    integrity sha1-tSQ9jz7BqjXxNkYFvA0QNuMKtp8=
  
  write@^0.2.1:
    version "0.2.1"
    resolved "https://registry.npm.taobao.org/write/download/write-0.2.1.tgz?cache=0&sync_timestamp=1567580269963&other_urls=https%3A%2F%2Fregistry.npm.taobao.org%2Fwrite%2Fdownload%2Fwrite-0.2.1.tgz#5fc03828e264cea3fe91455476f7a3c566cb0757"
    integrity sha1-X8A4KOJkzqP+kUVUdvejxWbLB1c=
    dependencies:
      mkdirp "^0.5.1"
  
  xtend@^4.0.0:
    version "4.0.2"
    resolved "https://registry.npm.taobao.org/xtend/download/xtend-4.0.2.tgz#bb72779f5fa465186b1f438f674fa347fdb5db54"
    integrity sha1-u3J3n1+kZRhrH0OPZ0+jR/2121Q=
  
  yallist@^2.1.2:
    version "2.1.2"
    resolved "https://registry.npm.taobao.org/yallist/download/yallist-2.1.2.tgz#1c11f9218f076089a47dd512f93c6699a6a81d52"
    integrity sha1-HBH5IY8HYImkfdUS+TxmmaaoHVI=
